2025-07-23T22:49:37.435178Z  INFO tailwindcss_oxide::scanner: Provided sources:
2025-07-23T22:49:37.435231Z  INFO tailwindcss_oxide::scanner: Source: PublicSourceEntry { base: "/Users/mhaniff/affiliate-template-72325/apps/admin", pattern: "**/*", negated: false }
2025-07-23T22:49:37.435269Z  INFO tailwindcss_oxide::scanner: Optimized sources:
2025-07-23T22:49:37.435274Z  INFO tailwindcss_oxide::scanner: Source: Auto { base: "/Users/mhaniff/affiliate-template-72325/apps/admin" }
2025-07-23T22:49:37.436070Z  INFO scan_sources: tailwindcss_oxide::scanner: enter
2025-07-23T22:49:37.436910Z  INFO scan_sources: tailwindcss_oxide::scanner: Discovering "/Users/mhaniff/affiliate-template-72325/apps/admin/vercel.json"
2025-07-23T22:49:37.436930Z  INFO scan_sources: tailwindcss_oxide::scanner: Discovering "/Users/mhaniff/affiliate-template-72325/apps/admin/jest.setup.js"
2025-07-23T22:49:37.436952Z  INFO scan_sources: tailwindcss_oxide::scanner: Discovering "/Users/mhaniff/affiliate-template-72325/apps/admin/postcss.config.mjs"
2025-07-23T22:49:37.436965Z  INFO scan_sources: tailwindcss_oxide::scanner: Discovering "/Users/mhaniff/affiliate-template-72325/apps/admin/jest.config.js"
2025-07-23T22:49:37.437027Z  INFO scan_sources: tailwindcss_oxide::scanner: Discovering "/Users/mhaniff/affiliate-template-72325/apps/admin/README.md"
2025-07-23T22:49:37.437067Z  INFO scan_sources: tailwindcss_oxide::scanner: Discovering "/Users/mhaniff/affiliate-template-72325/apps/admin/public"
2025-07-23T22:49:37.437093Z  INFO scan_sources: tailwindcss_oxide::scanner: Discovering "/Users/mhaniff/affiliate-template-72325/apps/admin/public/file.svg"
2025-07-23T22:49:37.437103Z  INFO scan_sources: tailwindcss_oxide::scanner: Discovering "/Users/mhaniff/affiliate-template-72325/apps/admin/public/vercel.svg"
2025-07-23T22:49:37.437114Z  INFO scan_sources: tailwindcss_oxide::scanner: Discovering "/Users/mhaniff/affiliate-template-72325/apps/admin/public/next.svg"
2025-07-23T22:49:37.437123Z  INFO scan_sources: tailwindcss_oxide::scanner: Discovering "/Users/mhaniff/affiliate-template-72325/apps/admin/public/globe.svg"
2025-07-23T22:49:37.437132Z  INFO scan_sources: tailwindcss_oxide::scanner: Discovering "/Users/mhaniff/affiliate-template-72325/apps/admin/public/window.svg"
2025-07-23T22:49:37.437164Z  INFO scan_sources: tailwindcss_oxide::scanner: Discovering "/Users/mhaniff/affiliate-template-72325/apps/admin/package.json"
2025-07-23T22:49:37.437187Z  INFO scan_sources: tailwindcss_oxide::scanner: Discovering "/Users/mhaniff/affiliate-template-72325/apps/admin/tsconfig.json"
2025-07-23T22:49:37.437202Z  INFO scan_sources: tailwindcss_oxide::scanner: Discovering "/Users/mhaniff/affiliate-template-72325/apps/admin/playwright.config.ts"
2025-07-23T22:49:37.437215Z  INFO scan_sources: tailwindcss_oxide::scanner: Discovering "/Users/mhaniff/affiliate-template-72325/apps/admin/eslint.config.mjs"
2025-07-23T22:49:37.437227Z  INFO scan_sources: tailwindcss_oxide::scanner: Discovering "/Users/mhaniff/affiliate-template-72325/apps/admin/next.config.ts"
2025-07-23T22:49:37.437249Z  INFO scan_sources: tailwindcss_oxide::scanner: Discovering "/Users/mhaniff/affiliate-template-72325/apps/admin/src"
2025-07-23T22:49:37.437286Z  INFO scan_sources: tailwindcss_oxide::scanner: Discovering "/Users/mhaniff/affiliate-template-72325/apps/admin/src/app"
2025-07-23T22:49:37.437323Z  INFO scan_sources: tailwindcss_oxide::scanner: Discovering "/Users/mhaniff/affiliate-template-72325/apps/admin/src/app/products"
2025-07-23T22:49:37.437358Z  INFO scan_sources: tailwindcss_oxide::scanner: Discovering "/Users/mhaniff/affiliate-template-72325/apps/admin/src/app/products/manual-amazon"
2025-07-23T22:49:37.437385Z  INFO scan_sources: tailwindcss_oxide::scanner: Discovering "/Users/mhaniff/affiliate-template-72325/apps/admin/src/app/products/manual-amazon/page.tsx"
2025-07-23T22:49:37.437398Z  INFO scan_sources: tailwindcss_oxide::scanner: Discovering "/Users/mhaniff/affiliate-template-72325/apps/admin/src/app/products/page.tsx"
2025-07-23T22:49:37.437417Z  INFO scan_sources: tailwindcss_oxide::scanner: Discovering "/Users/mhaniff/affiliate-template-72325/apps/admin/src/app/auth"
2025-07-23T22:49:37.437455Z  INFO scan_sources: tailwindcss_oxide::scanner: Discovering "/Users/mhaniff/affiliate-template-72325/apps/admin/src/app/auth/signin"
2025-07-23T22:49:37.437474Z  INFO scan_sources: tailwindcss_oxide::scanner: Discovering "/Users/mhaniff/affiliate-template-72325/apps/admin/src/app/auth/signin/page.tsx"
2025-07-23T22:49:37.437493Z  INFO scan_sources: tailwindcss_oxide::scanner: Discovering "/Users/mhaniff/affiliate-template-72325/apps/admin/src/app/dashboard"
2025-07-23T22:49:37.437511Z  INFO scan_sources: tailwindcss_oxide::scanner: Discovering "/Users/mhaniff/affiliate-template-72325/apps/admin/src/app/dashboard/page.tsx"
2025-07-23T22:49:37.437527Z  INFO scan_sources: tailwindcss_oxide::scanner: Discovering "/Users/mhaniff/affiliate-template-72325/apps/admin/src/app/sites"
2025-07-23T22:49:37.437546Z  INFO scan_sources: tailwindcss_oxide::scanner: Discovering "/Users/mhaniff/affiliate-template-72325/apps/admin/src/app/sites/page.tsx"
2025-07-23T22:49:37.437565Z  INFO scan_sources: tailwindcss_oxide::scanner: Discovering "/Users/mhaniff/affiliate-template-72325/apps/admin/src/app/social"
2025-07-23T22:49:37.437586Z  INFO scan_sources: tailwindcss_oxide::scanner: Discovering "/Users/mhaniff/affiliate-template-72325/apps/admin/src/app/social/page.tsx"
2025-07-23T22:49:37.437602Z  INFO scan_sources: tailwindcss_oxide::scanner: Discovering "/Users/mhaniff/affiliate-template-72325/apps/admin/src/app/cms"
2025-07-23T22:49:37.437623Z  INFO scan_sources: tailwindcss_oxide::scanner: Discovering "/Users/mhaniff/affiliate-template-72325/apps/admin/src/app/cms/page.tsx"
2025-07-23T22:49:37.437638Z  INFO scan_sources: tailwindcss_oxide::scanner: Discovering "/Users/mhaniff/affiliate-template-72325/apps/admin/src/app/ai"
2025-07-23T22:49:37.437657Z  INFO scan_sources: tailwindcss_oxide::scanner: Discovering "/Users/mhaniff/affiliate-template-72325/apps/admin/src/app/ai/page.tsx"
2025-07-23T22:49:37.437667Z  INFO scan_sources: tailwindcss_oxide::scanner: Discovering "/Users/mhaniff/affiliate-template-72325/apps/admin/src/app/layout.tsx"
2025-07-23T22:49:37.437685Z  INFO scan_sources: tailwindcss_oxide::scanner: Discovering "/Users/mhaniff/affiliate-template-72325/apps/admin/src/app/generate"
2025-07-23T22:49:37.437710Z  INFO scan_sources: tailwindcss_oxide::scanner: Discovering "/Users/mhaniff/affiliate-template-72325/apps/admin/src/app/generate/page.tsx"
2025-07-23T22:49:37.437725Z  INFO scan_sources: tailwindcss_oxide::scanner: Discovering "/Users/mhaniff/affiliate-template-72325/apps/admin/src/app/api"
2025-07-23T22:49:37.437754Z  INFO scan_sources: tailwindcss_oxide::scanner: Discovering "/Users/mhaniff/affiliate-template-72325/apps/admin/src/app/api/products"
2025-07-23T22:49:37.437778Z  INFO scan_sources: tailwindcss_oxide::scanner: Discovering "/Users/mhaniff/affiliate-template-72325/apps/admin/src/app/api/products/manual-amazon"
2025-07-23T22:49:37.437801Z  INFO scan_sources: tailwindcss_oxide::scanner: Discovering "/Users/mhaniff/affiliate-template-72325/apps/admin/src/app/api/products/manual-amazon/route.ts"
2025-07-23T22:49:37.437811Z  INFO scan_sources: tailwindcss_oxide::scanner: Discovering "/Users/mhaniff/affiliate-template-72325/apps/admin/src/app/api/products/route.ts"
2025-07-23T22:49:37.437827Z  INFO scan_sources: tailwindcss_oxide::scanner: Discovering "/Users/mhaniff/affiliate-template-72325/apps/admin/src/app/api/products/test-amazon"
2025-07-23T22:49:37.437850Z  INFO scan_sources: tailwindcss_oxide::scanner: Discovering "/Users/mhaniff/affiliate-template-72325/apps/admin/src/app/api/products/test-amazon/route.ts"
2025-07-23T22:49:37.437868Z  INFO scan_sources: tailwindcss_oxide::scanner: Discovering "/Users/mhaniff/affiliate-template-72325/apps/admin/src/app/api/auth"
2025-07-23T22:49:37.437897Z  INFO scan_sources: tailwindcss_oxide::scanner: Discovering "/Users/mhaniff/affiliate-template-72325/apps/admin/src/app/api/auth/[...nextauth]"
2025-07-23T22:49:37.437918Z  INFO scan_sources: tailwindcss_oxide::scanner: Discovering "/Users/mhaniff/affiliate-template-72325/apps/admin/src/app/api/auth/[...nextauth]/route.ts"
2025-07-23T22:49:37.437941Z  INFO scan_sources: tailwindcss_oxide::scanner: Discovering "/Users/mhaniff/affiliate-template-72325/apps/admin/src/app/api/health"
2025-07-23T22:49:37.437962Z  INFO scan_sources: tailwindcss_oxide::scanner: Discovering "/Users/mhaniff/affiliate-template-72325/apps/admin/src/app/api/health/route.ts"
2025-07-23T22:49:37.437978Z  INFO scan_sources: tailwindcss_oxide::scanner: Discovering "/Users/mhaniff/affiliate-template-72325/apps/admin/src/app/api/health/db"
2025-07-23T22:49:37.437997Z  INFO scan_sources: tailwindcss_oxide::scanner: Discovering "/Users/mhaniff/affiliate-template-72325/apps/admin/src/app/api/health/db/route.ts"
2025-07-23T22:49:37.438014Z  INFO scan_sources: tailwindcss_oxide::scanner: Discovering "/Users/mhaniff/affiliate-template-72325/apps/admin/src/app/api/sites"
2025-07-23T22:49:37.438032Z  INFO scan_sources: tailwindcss_oxide::scanner: Discovering "/Users/mhaniff/affiliate-template-72325/apps/admin/src/app/api/sites/route.ts"
2025-07-23T22:49:37.438044Z  INFO scan_sources: tailwindcss_oxide::scanner: Discovering "/Users/mhaniff/affiliate-template-72325/apps/admin/src/app/api/sites/[id]"
2025-07-23T22:49:37.438061Z  INFO scan_sources: tailwindcss_oxide::scanner: Discovering "/Users/mhaniff/affiliate-template-72325/apps/admin/src/app/api/sites/[id]/route.ts"
2025-07-23T22:49:37.438075Z  INFO scan_sources: tailwindcss_oxide::scanner: Discovering "/Users/mhaniff/affiliate-template-72325/apps/admin/src/app/api/cms"
2025-07-23T22:49:37.438100Z  INFO scan_sources: tailwindcss_oxide::scanner: Discovering "/Users/mhaniff/affiliate-template-72325/apps/admin/src/app/api/cms/posts"
2025-07-23T22:49:37.438119Z  INFO scan_sources: tailwindcss_oxide::scanner: Discovering "/Users/mhaniff/affiliate-template-72325/apps/admin/src/app/api/cms/posts/route.ts"
2025-07-23T22:49:37.438136Z  INFO scan_sources: tailwindcss_oxide::scanner: Discovering "/Users/mhaniff/affiliate-template-72325/apps/admin/src/app/api/cms/posts/[id]"
2025-07-23T22:49:37.438166Z  INFO scan_sources: tailwindcss_oxide::scanner: Discovering "/Users/mhaniff/affiliate-template-72325/apps/admin/src/app/api/cms/posts/[id]/reject"
2025-07-23T22:49:37.438186Z  INFO scan_sources: tailwindcss_oxide::scanner: Discovering "/Users/mhaniff/affiliate-template-72325/apps/admin/src/app/api/cms/posts/[id]/reject/route.ts"
2025-07-23T22:49:37.438201Z  INFO scan_sources: tailwindcss_oxide::scanner: Discovering "/Users/mhaniff/affiliate-template-72325/apps/admin/src/app/api/cms/posts/[id]/approve"
2025-07-23T22:49:37.438218Z  INFO scan_sources: tailwindcss_oxide::scanner: Discovering "/Users/mhaniff/affiliate-template-72325/apps/admin/src/app/api/cms/posts/[id]/approve/route.ts"
2025-07-23T22:49:37.438227Z  INFO scan_sources: tailwindcss_oxide::scanner: Discovering "/Users/mhaniff/affiliate-template-72325/apps/admin/src/app/api/cms/posts/[id]/route.ts"
2025-07-23T22:49:37.438236Z  INFO scan_sources: tailwindcss_oxide::scanner: Discovering "/Users/mhaniff/affiliate-template-72325/apps/admin/src/app/api/cms/route.ts"
2025-07-23T22:49:37.438256Z  INFO scan_sources: tailwindcss_oxide::scanner: Discovering "/Users/mhaniff/affiliate-template-72325/apps/admin/src/app/api/ai"
2025-07-23T22:49:37.438279Z  INFO scan_sources: tailwindcss_oxide::scanner: Discovering "/Users/mhaniff/affiliate-template-72325/apps/admin/src/app/api/ai/test-connection"
2025-07-23T22:49:37.438296Z  INFO scan_sources: tailwindcss_oxide::scanner: Discovering "/Users/mhaniff/affiliate-template-72325/apps/admin/src/app/api/ai/test-connection/route.ts"
2025-07-23T22:49:37.438310Z  INFO scan_sources: tailwindcss_oxide::scanner: Discovering "/Users/mhaniff/affiliate-template-72325/apps/admin/src/app/api/ai/generate-content"
2025-07-23T22:49:37.438327Z  INFO scan_sources: tailwindcss_oxide::scanner: Discovering "/Users/mhaniff/affiliate-template-72325/apps/admin/src/app/api/ai/generate-content/route.ts"
2025-07-23T22:49:37.438341Z  INFO scan_sources: tailwindcss_oxide::scanner: Discovering "/Users/mhaniff/affiliate-template-72325/apps/admin/src/app/api/ai/generate-image"
2025-07-23T22:49:37.438367Z  INFO scan_sources: tailwindcss_oxide::scanner: Discovering "/Users/mhaniff/affiliate-template-72325/apps/admin/src/app/api/ai/generate-image/route.ts"
2025-07-23T22:49:37.438390Z  INFO scan_sources: tailwindcss_oxide::scanner: Discovering "/Users/mhaniff/affiliate-template-72325/apps/admin/src/app/api/affiliate"
2025-07-23T22:49:37.438414Z  INFO scan_sources: tailwindcss_oxide::scanner: Discovering "/Users/mhaniff/affiliate-template-72325/apps/admin/src/app/api/affiliate/search"
2025-07-23T22:49:37.438431Z  INFO scan_sources: tailwindcss_oxide::scanner: Discovering "/Users/mhaniff/affiliate-template-72325/apps/admin/src/app/api/affiliate/search/route.ts"
2025-07-23T22:49:37.438440Z  INFO scan_sources: tailwindcss_oxide::scanner: Discovering "/Users/mhaniff/affiliate-template-72325/apps/admin/src/app/api/affiliate/route.ts"
2025-07-23T22:49:37.438461Z  INFO scan_sources: tailwindcss_oxide::scanner: Discovering "/Users/mhaniff/affiliate-template-72325/apps/admin/src/app/api/analytics"
2025-07-23T22:49:37.438483Z  INFO scan_sources: tailwindcss_oxide::scanner: Discovering "/Users/mhaniff/affiliate-template-72325/apps/admin/src/app/api/analytics/route.ts"
2025-07-23T22:49:37.438500Z  INFO scan_sources: tailwindcss_oxide::scanner: Discovering "/Users/mhaniff/affiliate-template-72325/apps/admin/src/app/newsletter"
2025-07-23T22:49:37.438523Z  INFO scan_sources: tailwindcss_oxide::scanner: Discovering "/Users/mhaniff/affiliate-template-72325/apps/admin/src/app/newsletter/page.tsx"
2025-07-23T22:49:37.438534Z  INFO scan_sources: tailwindcss_oxide::scanner: Discovering "/Users/mhaniff/affiliate-template-72325/apps/admin/src/app/page.tsx"
2025-07-23T22:49:37.438541Z  INFO scan_sources: tailwindcss_oxide::scanner: Discovering "/Users/mhaniff/affiliate-template-72325/apps/admin/src/app/globals.css"
2025-07-23T22:49:37.438555Z  INFO scan_sources: tailwindcss_oxide::scanner: Discovering "/Users/mhaniff/affiliate-template-72325/apps/admin/src/app/analytics"
2025-07-23T22:49:37.438574Z  INFO scan_sources: tailwindcss_oxide::scanner: Discovering "/Users/mhaniff/affiliate-template-72325/apps/admin/src/app/analytics/page.tsx"
2025-07-23T22:49:37.438589Z  INFO scan_sources: tailwindcss_oxide::scanner: Discovering "/Users/mhaniff/affiliate-template-72325/apps/admin/src/app/approval"
2025-07-23T22:49:37.438612Z  INFO scan_sources: tailwindcss_oxide::scanner: Discovering "/Users/mhaniff/affiliate-template-72325/apps/admin/src/app/approval/page.tsx"
2025-07-23T22:49:37.438631Z  INFO scan_sources: tailwindcss_oxide::scanner: Discovering "/Users/mhaniff/affiliate-template-72325/apps/admin/src/components"
2025-07-23T22:49:37.438652Z  INFO scan_sources: tailwindcss_oxide::scanner: Discovering "/Users/mhaniff/affiliate-template-72325/apps/admin/src/components/ProtectedRoute.tsx"
2025-07-23T22:49:37.438666Z  INFO scan_sources: tailwindcss_oxide::scanner: Discovering "/Users/mhaniff/affiliate-template-72325/apps/admin/src/components/cms"
2025-07-23T22:49:37.438687Z  INFO scan_sources: tailwindcss_oxide::scanner: Discovering "/Users/mhaniff/affiliate-template-72325/apps/admin/src/components/cms/CMSDashboard.tsx"
2025-07-23T22:49:37.438702Z  INFO scan_sources: tailwindcss_oxide::scanner: Discovering "/Users/mhaniff/affiliate-template-72325/apps/admin/src/components/ai"
2025-07-23T22:49:37.438721Z  INFO scan_sources: tailwindcss_oxide::scanner: Discovering "/Users/mhaniff/affiliate-template-72325/apps/admin/src/components/ai/ImageGenerator.tsx"
2025-07-23T22:49:37.438731Z  INFO scan_sources: tailwindcss_oxide::scanner: Discovering "/Users/mhaniff/affiliate-template-72325/apps/admin/src/components/ai/ContentGenerator.tsx"
2025-07-23T22:49:37.438740Z  INFO scan_sources: tailwindcss_oxide::scanner: Discovering "/Users/mhaniff/affiliate-template-72325/apps/admin/src/components/Providers.tsx"
2025-07-23T22:49:37.438758Z  INFO scan_sources: tailwindcss_oxide::scanner: Discovering "/Users/mhaniff/affiliate-template-72325/apps/admin/src/__tests__"
2025-07-23T22:49:37.438796Z  INFO scan_sources: tailwindcss_oxide::scanner: Discovering "/Users/mhaniff/affiliate-template-72325/apps/admin/src/__tests__/unit"
2025-07-23T22:49:37.438815Z  INFO scan_sources: tailwindcss_oxide::scanner: Discovering "/Users/mhaniff/affiliate-template-72325/apps/admin/src/__tests__/unit/db-utils.test.ts"
2025-07-23T22:49:37.438829Z  INFO scan_sources: tailwindcss_oxide::scanner: Discovering "/Users/mhaniff/affiliate-template-72325/apps/admin/src/__tests__/unit/components"
2025-07-23T22:49:37.438849Z  INFO scan_sources: tailwindcss_oxide::scanner: Discovering "/Users/mhaniff/affiliate-template-72325/apps/admin/src/__tests__/unit/components/ProtectedRoute.test.tsx"
2025-07-23T22:49:37.438872Z  INFO scan_sources: tailwindcss_oxide::scanner: Discovering "/Users/mhaniff/affiliate-template-72325/apps/admin/src/__tests__/integration"
2025-07-23T22:49:37.438896Z  INFO scan_sources: tailwindcss_oxide::scanner: Discovering "/Users/mhaniff/affiliate-template-72325/apps/admin/src/__tests__/integration/api.test.ts"
2025-07-23T22:49:37.438910Z  INFO scan_sources: tailwindcss_oxide::scanner: Discovering "/Users/mhaniff/affiliate-template-72325/apps/admin/src/__tests__/e2e"
2025-07-23T22:49:37.438929Z  INFO scan_sources: tailwindcss_oxide::scanner: Discovering "/Users/mhaniff/affiliate-template-72325/apps/admin/src/__tests__/e2e/auth.spec.ts"
2025-07-23T22:49:37.438944Z  INFO scan_sources: tailwindcss_oxide::scanner: Discovering "/Users/mhaniff/affiliate-template-72325/apps/admin/src/lib"
2025-07-23T22:49:37.438962Z  INFO scan_sources: tailwindcss_oxide::scanner: Discovering "/Users/mhaniff/affiliate-template-72325/apps/admin/src/lib/monitoring.ts"
2025-07-23T22:49:37.438970Z  INFO scan_sources: tailwindcss_oxide::scanner: Discovering "/Users/mhaniff/affiliate-template-72325/apps/admin/src/lib/auth.ts"
2025-07-23T22:49:37.439024Z  INFO scan_sources: tailwindcss_oxide::scanner: exit
2025-07-23T22:49:37.439030Z  INFO extract_candidates: tailwindcss_oxide::scanner: enter
2025-07-23T22:49:37.439033Z  INFO extract_candidates:read_all_files: tailwindcss_oxide::scanner: enter
2025-07-23T22:49:37.439035Z  INFO extract_candidates:read_all_files: tailwindcss_oxide::scanner: Reading 59 file(s)
2025-07-23T22:49:37.439445Z  INFO tailwindcss_oxide::scanner: Reading "/Users/mhaniff/affiliate-template-72325/apps/admin/src/app/api/health/route.ts"
2025-07-23T22:49:37.439589Z  INFO tailwindcss_oxide::scanner: Reading "/Users/mhaniff/affiliate-template-72325/apps/admin/src/app/api/sites/route.ts"
2025-07-23T22:49:37.439589Z  INFO tailwindcss_oxide::scanner: Reading "/Users/mhaniff/affiliate-template-72325/apps/admin/src/app/api/health/db/route.ts"
2025-07-23T22:49:37.439617Z  INFO tailwindcss_oxide::scanner: Reading "/Users/mhaniff/affiliate-template-72325/apps/admin/src/app/newsletter/page.tsx"
2025-07-23T22:49:37.439868Z  INFO tailwindcss_oxide::scanner: Reading "/Users/mhaniff/affiliate-template-72325/apps/admin/src/components/Providers.tsx"
2025-07-23T22:49:37.439885Z  INFO tailwindcss_oxide::scanner: Reading "/Users/mhaniff/affiliate-template-72325/apps/admin/package.json"
2025-07-23T22:49:37.440223Z  INFO tailwindcss_oxide::scanner: Reading "/Users/mhaniff/affiliate-template-72325/apps/admin/tsconfig.json"
2025-07-23T22:49:37.439647Z  INFO tailwindcss_oxide::scanner: Reading "/Users/mhaniff/affiliate-template-72325/apps/admin/src/app/page.tsx"
2025-07-23T22:49:37.440662Z  INFO tailwindcss_oxide::scanner: Reading "/Users/mhaniff/affiliate-template-72325/apps/admin/src/components/cms/CMSDashboard.tsx"
2025-07-23T22:49:37.440698Z  INFO tailwindcss_oxide::scanner: Reading "/Users/mhaniff/affiliate-template-72325/apps/admin/src/app/api/cms/route.ts"
2025-07-23T22:49:37.440876Z  INFO tailwindcss_oxide::scanner: Reading "/Users/mhaniff/affiliate-template-72325/apps/admin/postcss.config.mjs"
2025-07-23T22:49:37.440883Z  INFO tailwindcss_oxide::scanner: Reading "/Users/mhaniff/affiliate-template-72325/apps/admin/src/components/ProtectedRoute.tsx"
2025-07-23T22:49:37.440901Z  INFO tailwindcss_oxide::scanner: Reading "/Users/mhaniff/affiliate-template-72325/apps/admin/src/__tests__/unit/db-utils.test.ts"
2025-07-23T22:49:37.440925Z  INFO tailwindcss_oxide::scanner: Reading "/Users/mhaniff/affiliate-template-72325/apps/admin/src/app/approval/page.tsx"
2025-07-23T22:49:37.441697Z  INFO tailwindcss_oxide::scanner: Reading "/Users/mhaniff/affiliate-template-72325/apps/admin/src/app/sites/page.tsx"
2025-07-23T22:49:37.442062Z  INFO tailwindcss_oxide::scanner: Reading "/Users/mhaniff/affiliate-template-72325/apps/admin/src/app/social/page.tsx"
2025-07-23T22:49:37.442481Z  INFO tailwindcss_oxide::scanner: Reading "/Users/mhaniff/affiliate-template-72325/apps/admin/src/app/api/sites/[id]/route.ts"
2025-07-23T22:49:37.442487Z  INFO tailwindcss_oxide::scanner: Reading "/Users/mhaniff/affiliate-template-72325/apps/admin/playwright.config.ts"
2025-07-23T22:49:37.442585Z  INFO tailwindcss_oxide::scanner: Reading "/Users/mhaniff/affiliate-template-72325/apps/admin/src/app/auth/signin/page.tsx"
2025-07-23T22:49:37.442486Z  INFO tailwindcss_oxide::scanner: Reading "/Users/mhaniff/affiliate-template-72325/apps/admin/src/app/products/manual-amazon/page.tsx"
2025-07-23T22:49:37.442499Z  INFO tailwindcss_oxide::scanner: Reading "/Users/mhaniff/affiliate-template-72325/apps/admin/public/next.svg"
2025-07-23T22:49:37.442668Z  INFO tailwindcss_oxide::scanner: Reading "/Users/mhaniff/affiliate-template-72325/apps/admin/src/app/api/affiliate/search/route.ts"
2025-07-23T22:49:37.442782Z  INFO tailwindcss_oxide::scanner: Reading "/Users/mhaniff/affiliate-template-72325/apps/admin/src/__tests__/e2e/auth.spec.ts"
2025-07-23T22:49:37.442793Z  INFO tailwindcss_oxide::scanner: Reading "/Users/mhaniff/affiliate-template-72325/apps/admin/src/app/api/affiliate/route.ts"
2025-07-23T22:49:37.442831Z  INFO tailwindcss_oxide::scanner: Reading "/Users/mhaniff/affiliate-template-72325/apps/admin/src/lib/auth.ts"
2025-07-23T22:49:37.442871Z  INFO tailwindcss_oxide::scanner: Reading "/Users/mhaniff/affiliate-template-72325/apps/admin/src/app/layout.tsx"
2025-07-23T22:49:37.443061Z  INFO tailwindcss_oxide::scanner: Reading "/Users/mhaniff/affiliate-template-72325/apps/admin/src/app/generate/page.tsx"
2025-07-23T22:49:37.443189Z  INFO tailwindcss_oxide::scanner: Reading "/Users/mhaniff/affiliate-template-72325/apps/admin/src/app/api/cms/posts/[id]/approve/route.ts"
2025-07-23T22:49:37.443209Z  INFO tailwindcss_oxide::scanner: Reading "/Users/mhaniff/affiliate-template-72325/apps/admin/src/app/api/ai/generate-content/route.ts"
2025-07-23T22:49:37.443308Z  INFO tailwindcss_oxide::scanner: Reading "/Users/mhaniff/affiliate-template-72325/apps/admin/src/app/api/products/test-amazon/route.ts"
2025-07-23T22:49:37.443407Z  INFO tailwindcss_oxide::scanner: Reading "/Users/mhaniff/affiliate-template-72325/apps/admin/src/app/ai/page.tsx"
2025-07-23T22:49:37.443436Z  INFO tailwindcss_oxide::scanner: Reading "/Users/mhaniff/affiliate-template-72325/apps/admin/src/app/api/cms/posts/[id]/route.ts"
2025-07-23T22:49:37.443553Z  INFO tailwindcss_oxide::scanner: Reading "/Users/mhaniff/affiliate-template-72325/apps/admin/src/app/api/auth/[...nextauth]/route.ts"
2025-07-23T22:49:37.443591Z  INFO tailwindcss_oxide::scanner: Reading "/Users/mhaniff/affiliate-template-72325/apps/admin/src/app/api/products/route.ts"
2025-07-23T22:49:37.443611Z  INFO tailwindcss_oxide::scanner: Reading "/Users/mhaniff/affiliate-template-72325/apps/admin/src/app/api/cms/posts/route.ts"
2025-07-23T22:49:37.443642Z  INFO tailwindcss_oxide::scanner: Reading "/Users/mhaniff/affiliate-template-72325/apps/admin/src/app/api/products/manual-amazon/route.ts"
2025-07-23T22:49:37.443706Z  INFO tailwindcss_oxide::scanner: Reading "/Users/mhaniff/affiliate-template-72325/apps/admin/public/globe.svg"
2025-07-23T22:49:37.443758Z  INFO tailwindcss_oxide::scanner: Reading "/Users/mhaniff/affiliate-template-72325/apps/admin/src/app/api/ai/generate-image/route.ts"
2025-07-23T22:49:37.443779Z  INFO tailwindcss_oxide::scanner: Reading "/Users/mhaniff/affiliate-template-72325/apps/admin/eslint.config.mjs"
2025-07-23T22:49:37.443782Z  INFO tailwindcss_oxide::scanner: Reading "/Users/mhaniff/affiliate-template-72325/apps/admin/src/app/products/page.tsx"
2025-07-23T22:49:37.443800Z  INFO tailwindcss_oxide::scanner: Reading "/Users/mhaniff/affiliate-template-72325/apps/admin/public/window.svg"
2025-07-23T22:49:37.443812Z  INFO tailwindcss_oxide::scanner: Reading "/Users/mhaniff/affiliate-template-72325/apps/admin/vercel.json"
2025-07-23T22:49:37.443800Z  INFO tailwindcss_oxide::scanner: Reading "/Users/mhaniff/affiliate-template-72325/apps/admin/public/vercel.svg"
2025-07-23T22:49:37.443798Z  INFO tailwindcss_oxide::scanner: Reading "/Users/mhaniff/affiliate-template-72325/apps/admin/jest.setup.js"
2025-07-23T22:49:37.443872Z  INFO tailwindcss_oxide::scanner: Reading "/Users/mhaniff/affiliate-template-72325/apps/admin/src/app/api/analytics/route.ts"
2025-07-23T22:49:37.443799Z  INFO tailwindcss_oxide::scanner: Reading "/Users/mhaniff/affiliate-template-72325/apps/admin/src/components/ai/ContentGenerator.tsx"
2025-07-23T22:49:37.443814Z  INFO tailwindcss_oxide::scanner: Reading "/Users/mhaniff/affiliate-template-72325/apps/admin/src/app/cms/page.tsx"
2025-07-23T22:49:37.443824Z  INFO tailwindcss_oxide::scanner: Reading "/Users/mhaniff/affiliate-template-72325/apps/admin/next.config.ts"
2025-07-23T22:49:37.443830Z  INFO tailwindcss_oxide::scanner: Reading "/Users/mhaniff/affiliate-template-72325/apps/admin/src/__tests__/unit/components/ProtectedRoute.test.tsx"
2025-07-23T22:49:37.443830Z  INFO tailwindcss_oxide::scanner: Reading "/Users/mhaniff/affiliate-template-72325/apps/admin/src/app/analytics/page.tsx"
2025-07-23T22:49:37.443826Z  INFO tailwindcss_oxide::scanner: Reading "/Users/mhaniff/affiliate-template-72325/apps/admin/src/__tests__/integration/api.test.ts"
2025-07-23T22:49:37.444019Z  INFO tailwindcss_oxide::scanner: Reading "/Users/mhaniff/affiliate-template-72325/apps/admin/jest.config.js"
2025-07-23T22:49:37.443794Z  INFO tailwindcss_oxide::scanner: Reading "/Users/mhaniff/affiliate-template-72325/apps/admin/src/app/api/ai/test-connection/route.ts"
2025-07-23T22:49:37.443847Z  INFO tailwindcss_oxide::scanner: Reading "/Users/mhaniff/affiliate-template-72325/apps/admin/src/components/ai/ImageGenerator.tsx"
2025-07-23T22:49:37.443851Z  INFO tailwindcss_oxide::scanner: Reading "/Users/mhaniff/affiliate-template-72325/apps/admin/README.md"
2025-07-23T22:49:37.443879Z  INFO tailwindcss_oxide::scanner: Reading "/Users/mhaniff/affiliate-template-72325/apps/admin/src/app/dashboard/page.tsx"
2025-07-23T22:49:37.443816Z  INFO tailwindcss_oxide::scanner: Reading "/Users/mhaniff/affiliate-template-72325/apps/admin/src/app/api/cms/posts/[id]/reject/route.ts"
2025-07-23T22:49:37.443994Z  INFO tailwindcss_oxide::scanner: Reading "/Users/mhaniff/affiliate-template-72325/apps/admin/public/file.svg"
2025-07-23T22:49:37.443832Z  INFO tailwindcss_oxide::scanner: Reading "/Users/mhaniff/affiliate-template-72325/apps/admin/src/lib/monitoring.ts"
2025-07-23T22:49:37.444424Z  INFO extract_candidates:read_all_files: tailwindcss_oxide::scanner: exit
2025-07-23T22:49:37.444435Z  INFO extract_candidates:parse_all_blobs: tailwindcss_oxide::scanner: enter
2025-07-23T22:49:37.444439Z  INFO extract_candidates:parse_all_blobs:extract: tailwindcss_oxide::scanner: enter
2025-07-23T22:49:37.445658Z  INFO extract_candidates:parse_all_blobs:extract: tailwindcss_oxide::scanner: exit
2025-07-23T22:49:37.445676Z  INFO extract_candidates:parse_all_blobs: tailwindcss_oxide::scanner: exit
2025-07-23T22:49:37.445681Z  INFO extract_candidates:read_all_files: tailwindcss_oxide::scanner: enter
2025-07-23T22:49:37.445684Z  INFO extract_candidates:read_all_files: tailwindcss_oxide::scanner: Reading 1 file(s)
2025-07-23T22:49:37.445708Z  INFO extract_candidates:read_all_files: tailwindcss_oxide::scanner: Reading "/Users/mhaniff/affiliate-template-72325/apps/admin/src/app/globals.css"
2025-07-23T22:49:37.445713Z  INFO extract_candidates:read_all_files: tailwindcss_oxide::scanner: exit
2025-07-23T22:49:37.445716Z  INFO extract_candidates:extract_css_variables: tailwindcss_oxide::scanner: enter
2025-07-23T22:49:37.445729Z  INFO extract_candidates:extract_css_variables:extract: tailwindcss_oxide::scanner: enter
2025-07-23T22:49:37.446201Z  INFO extract_candidates:extract_css_variables:extract: tailwindcss_oxide::scanner: exit
2025-07-23T22:49:37.446213Z  INFO extract_candidates:extract_css_variables: tailwindcss_oxide::scanner: exit
2025-07-23T22:49:37.447296Z  INFO extract_candidates: tailwindcss_oxide::scanner: exit
2025-07-23T22:49:37.447765Z  INFO get_files: tailwindcss_oxide::scanner: enter
2025-07-23T22:49:37.447778Z  INFO get_files:scan_sources: tailwindcss_oxide::scanner: enter
2025-07-23T22:49:37.448529Z  INFO get_files:scan_sources: tailwindcss_oxide::scanner: Discovering "/Users/mhaniff/affiliate-template-72325/apps/admin/public"
2025-07-23T22:49:37.448641Z  INFO get_files:scan_sources: tailwindcss_oxide::scanner: Discovering "/Users/mhaniff/affiliate-template-72325/apps/admin/src"
2025-07-23T22:49:37.448671Z  INFO get_files:scan_sources: tailwindcss_oxide::scanner: Discovering "/Users/mhaniff/affiliate-template-72325/apps/admin/src/app"
2025-07-23T22:49:37.448701Z  INFO get_files:scan_sources: tailwindcss_oxide::scanner: Discovering "/Users/mhaniff/affiliate-template-72325/apps/admin/src/app/products"
2025-07-23T22:49:37.448732Z  INFO get_files:scan_sources: tailwindcss_oxide::scanner: Discovering "/Users/mhaniff/affiliate-template-72325/apps/admin/src/app/products/manual-amazon"
2025-07-23T22:49:37.448774Z  INFO get_files:scan_sources: tailwindcss_oxide::scanner: Discovering "/Users/mhaniff/affiliate-template-72325/apps/admin/src/app/auth"
2025-07-23T22:49:37.448799Z  INFO get_files:scan_sources: tailwindcss_oxide::scanner: Discovering "/Users/mhaniff/affiliate-template-72325/apps/admin/src/app/auth/signin"
2025-07-23T22:49:37.448829Z  INFO get_files:scan_sources: tailwindcss_oxide::scanner: Discovering "/Users/mhaniff/affiliate-template-72325/apps/admin/src/app/dashboard"
2025-07-23T22:49:37.448857Z  INFO get_files:scan_sources: tailwindcss_oxide::scanner: Discovering "/Users/mhaniff/affiliate-template-72325/apps/admin/src/app/sites"
2025-07-23T22:49:37.448891Z  INFO get_files:scan_sources: tailwindcss_oxide::scanner: Discovering "/Users/mhaniff/affiliate-template-72325/apps/admin/src/app/social"
2025-07-23T22:49:37.448923Z  INFO get_files:scan_sources: tailwindcss_oxide::scanner: Discovering "/Users/mhaniff/affiliate-template-72325/apps/admin/src/app/cms"
2025-07-23T22:49:37.448954Z  INFO get_files:scan_sources: tailwindcss_oxide::scanner: Discovering "/Users/mhaniff/affiliate-template-72325/apps/admin/src/app/ai"
2025-07-23T22:49:37.448989Z  INFO get_files:scan_sources: tailwindcss_oxide::scanner: Discovering "/Users/mhaniff/affiliate-template-72325/apps/admin/src/app/generate"
2025-07-23T22:49:37.449020Z  INFO get_files:scan_sources: tailwindcss_oxide::scanner: Discovering "/Users/mhaniff/affiliate-template-72325/apps/admin/src/app/api"
2025-07-23T22:49:37.449050Z  INFO get_files:scan_sources: tailwindcss_oxide::scanner: Discovering "/Users/mhaniff/affiliate-template-72325/apps/admin/src/app/api/products"
2025-07-23T22:49:37.449075Z  INFO get_files:scan_sources: tailwindcss_oxide::scanner: Discovering "/Users/mhaniff/affiliate-template-72325/apps/admin/src/app/api/products/manual-amazon"
2025-07-23T22:49:37.449114Z  INFO get_files:scan_sources: tailwindcss_oxide::scanner: Discovering "/Users/mhaniff/affiliate-template-72325/apps/admin/src/app/api/products/test-amazon"
2025-07-23T22:49:37.449148Z  INFO get_files:scan_sources: tailwindcss_oxide::scanner: Discovering "/Users/mhaniff/affiliate-template-72325/apps/admin/src/app/api/auth"
2025-07-23T22:49:37.449173Z  INFO get_files:scan_sources: tailwindcss_oxide::scanner: Discovering "/Users/mhaniff/affiliate-template-72325/apps/admin/src/app/api/auth/[...nextauth]"
2025-07-23T22:49:37.449207Z  INFO get_files:scan_sources: tailwindcss_oxide::scanner: Discovering "/Users/mhaniff/affiliate-template-72325/apps/admin/src/app/api/health"
2025-07-23T22:49:37.449240Z  INFO get_files:scan_sources: tailwindcss_oxide::scanner: Discovering "/Users/mhaniff/affiliate-template-72325/apps/admin/src/app/api/health/db"
2025-07-23T22:49:37.449280Z  INFO get_files:scan_sources: tailwindcss_oxide::scanner: Discovering "/Users/mhaniff/affiliate-template-72325/apps/admin/src/app/api/sites"
2025-07-23T22:49:37.449306Z  INFO get_files:scan_sources: tailwindcss_oxide::scanner: Discovering "/Users/mhaniff/affiliate-template-72325/apps/admin/src/app/api/sites/[id]"
2025-07-23T22:49:37.449333Z  INFO get_files:scan_sources: tailwindcss_oxide::scanner: Discovering "/Users/mhaniff/affiliate-template-72325/apps/admin/src/app/api/cms"
2025-07-23T22:49:37.449356Z  INFO get_files:scan_sources: tailwindcss_oxide::scanner: Discovering "/Users/mhaniff/affiliate-template-72325/apps/admin/src/app/api/cms/posts"
2025-07-23T22:49:37.449384Z  INFO get_files:scan_sources: tailwindcss_oxide::scanner: Discovering "/Users/mhaniff/affiliate-template-72325/apps/admin/src/app/api/cms/posts/[id]"
2025-07-23T22:49:37.449406Z  INFO get_files:scan_sources: tailwindcss_oxide::scanner: Discovering "/Users/mhaniff/affiliate-template-72325/apps/admin/src/app/api/cms/posts/[id]/reject"
2025-07-23T22:49:37.449435Z  INFO get_files:scan_sources: tailwindcss_oxide::scanner: Discovering "/Users/mhaniff/affiliate-template-72325/apps/admin/src/app/api/cms/posts/[id]/approve"
2025-07-23T22:49:37.449473Z  INFO get_files:scan_sources: tailwindcss_oxide::scanner: Discovering "/Users/mhaniff/affiliate-template-72325/apps/admin/src/app/api/ai"
2025-07-23T22:49:37.449494Z  INFO get_files:scan_sources: tailwindcss_oxide::scanner: Discovering "/Users/mhaniff/affiliate-template-72325/apps/admin/src/app/api/ai/test-connection"
2025-07-23T22:49:37.449521Z  INFO get_files:scan_sources: tailwindcss_oxide::scanner: Discovering "/Users/mhaniff/affiliate-template-72325/apps/admin/src/app/api/ai/generate-content"
2025-07-23T22:49:37.449547Z  INFO get_files:scan_sources: tailwindcss_oxide::scanner: Discovering "/Users/mhaniff/affiliate-template-72325/apps/admin/src/app/api/ai/generate-image"
2025-07-23T22:49:37.449573Z  INFO get_files:scan_sources: tailwindcss_oxide::scanner: Discovering "/Users/mhaniff/affiliate-template-72325/apps/admin/src/app/api/affiliate"
2025-07-23T22:49:37.449594Z  INFO get_files:scan_sources: tailwindcss_oxide::scanner: Discovering "/Users/mhaniff/affiliate-template-72325/apps/admin/src/app/api/affiliate/search"
2025-07-23T22:49:37.449625Z  INFO get_files:scan_sources: tailwindcss_oxide::scanner: Discovering "/Users/mhaniff/affiliate-template-72325/apps/admin/src/app/api/analytics"
2025-07-23T22:49:37.449652Z  INFO get_files:scan_sources: tailwindcss_oxide::scanner: Discovering "/Users/mhaniff/affiliate-template-72325/apps/admin/src/app/newsletter"
2025-07-23T22:49:37.449689Z  INFO get_files:scan_sources: tailwindcss_oxide::scanner: Discovering "/Users/mhaniff/affiliate-template-72325/apps/admin/src/app/analytics"
2025-07-23T22:49:37.449714Z  INFO get_files:scan_sources: tailwindcss_oxide::scanner: Discovering "/Users/mhaniff/affiliate-template-72325/apps/admin/src/app/approval"
2025-07-23T22:49:37.449742Z  INFO get_files:scan_sources: tailwindcss_oxide::scanner: Discovering "/Users/mhaniff/affiliate-template-72325/apps/admin/src/components"
2025-07-23T22:49:37.449766Z  INFO get_files:scan_sources: tailwindcss_oxide::scanner: Discovering "/Users/mhaniff/affiliate-template-72325/apps/admin/src/components/cms"
2025-07-23T22:49:37.449793Z  INFO get_files:scan_sources: tailwindcss_oxide::scanner: Discovering "/Users/mhaniff/affiliate-template-72325/apps/admin/src/components/ai"
2025-07-23T22:49:37.449830Z  INFO get_files:scan_sources: tailwindcss_oxide::scanner: Discovering "/Users/mhaniff/affiliate-template-72325/apps/admin/src/__tests__"
2025-07-23T22:49:37.449853Z  INFO get_files:scan_sources: tailwindcss_oxide::scanner: Discovering "/Users/mhaniff/affiliate-template-72325/apps/admin/src/__tests__/unit"
2025-07-23T22:49:37.449878Z  INFO get_files:scan_sources: tailwindcss_oxide::scanner: Discovering "/Users/mhaniff/affiliate-template-72325/apps/admin/src/__tests__/unit/components"
2025-07-23T22:49:37.449906Z  INFO get_files:scan_sources: tailwindcss_oxide::scanner: Discovering "/Users/mhaniff/affiliate-template-72325/apps/admin/src/__tests__/integration"
2025-07-23T22:49:37.449942Z  INFO get_files:scan_sources: tailwindcss_oxide::scanner: Discovering "/Users/mhaniff/affiliate-template-72325/apps/admin/src/__tests__/e2e"
2025-07-23T22:49:37.449970Z  INFO get_files:scan_sources: tailwindcss_oxide::scanner: Discovering "/Users/mhaniff/affiliate-template-72325/apps/admin/src/lib"
2025-07-23T22:49:37.450032Z  INFO get_files:scan_sources: tailwindcss_oxide::scanner: exit
2025-07-23T22:49:37.450492Z  INFO get_files: tailwindcss_oxide::scanner: exit
2025-07-23T22:49:37.450608Z  INFO get_globs: tailwindcss_oxide::scanner: enter
2025-07-23T22:49:37.450614Z  INFO get_globs:scan_sources: tailwindcss_oxide::scanner: enter
2025-07-23T22:49:37.451304Z  INFO get_globs:scan_sources: tailwindcss_oxide::scanner: Discovering "/Users/mhaniff/affiliate-template-72325/apps/admin/public"
2025-07-23T22:49:37.451379Z  INFO get_globs:scan_sources: tailwindcss_oxide::scanner: Discovering "/Users/mhaniff/affiliate-template-72325/apps/admin/src"
2025-07-23T22:49:37.451402Z  INFO get_globs:scan_sources: tailwindcss_oxide::scanner: Discovering "/Users/mhaniff/affiliate-template-72325/apps/admin/src/app"
2025-07-23T22:49:37.451428Z  INFO get_globs:scan_sources: tailwindcss_oxide::scanner: Discovering "/Users/mhaniff/affiliate-template-72325/apps/admin/src/app/products"
2025-07-23T22:49:37.451452Z  INFO get_globs:scan_sources: tailwindcss_oxide::scanner: Discovering "/Users/mhaniff/affiliate-template-72325/apps/admin/src/app/products/manual-amazon"
2025-07-23T22:49:37.451482Z  INFO get_globs:scan_sources: tailwindcss_oxide::scanner: Discovering "/Users/mhaniff/affiliate-template-72325/apps/admin/src/app/auth"
2025-07-23T22:49:37.451514Z  INFO get_globs:scan_sources: tailwindcss_oxide::scanner: Discovering "/Users/mhaniff/affiliate-template-72325/apps/admin/src/app/auth/signin"
2025-07-23T22:49:37.451539Z  INFO get_globs:scan_sources: tailwindcss_oxide::scanner: Discovering "/Users/mhaniff/affiliate-template-72325/apps/admin/src/app/dashboard"
2025-07-23T22:49:37.451561Z  INFO get_globs:scan_sources: tailwindcss_oxide::scanner: Discovering "/Users/mhaniff/affiliate-template-72325/apps/admin/src/app/sites"
2025-07-23T22:49:37.451584Z  INFO get_globs:scan_sources: tailwindcss_oxide::scanner: Discovering "/Users/mhaniff/affiliate-template-72325/apps/admin/src/app/social"
2025-07-23T22:49:37.451608Z  INFO get_globs:scan_sources: tailwindcss_oxide::scanner: Discovering "/Users/mhaniff/affiliate-template-72325/apps/admin/src/app/cms"
2025-07-23T22:49:37.451631Z  INFO get_globs:scan_sources: tailwindcss_oxide::scanner: Discovering "/Users/mhaniff/affiliate-template-72325/apps/admin/src/app/ai"
2025-07-23T22:49:37.451663Z  INFO get_globs:scan_sources: tailwindcss_oxide::scanner: Discovering "/Users/mhaniff/affiliate-template-72325/apps/admin/src/app/generate"
2025-07-23T22:49:37.451691Z  INFO get_globs:scan_sources: tailwindcss_oxide::scanner: Discovering "/Users/mhaniff/affiliate-template-72325/apps/admin/src/app/api"
2025-07-23T22:49:37.451720Z  INFO get_globs:scan_sources: tailwindcss_oxide::scanner: Discovering "/Users/mhaniff/affiliate-template-72325/apps/admin/src/app/api/products"
2025-07-23T22:49:37.451747Z  INFO get_globs:scan_sources: tailwindcss_oxide::scanner: Discovering "/Users/mhaniff/affiliate-template-72325/apps/admin/src/app/api/products/manual-amazon"
2025-07-23T22:49:37.451781Z  INFO get_globs:scan_sources: tailwindcss_oxide::scanner: Discovering "/Users/mhaniff/affiliate-template-72325/apps/admin/src/app/api/products/test-amazon"
2025-07-23T22:49:37.451809Z  INFO get_globs:scan_sources: tailwindcss_oxide::scanner: Discovering "/Users/mhaniff/affiliate-template-72325/apps/admin/src/app/api/auth"
2025-07-23T22:49:37.451829Z  INFO get_globs:scan_sources: tailwindcss_oxide::scanner: Discovering "/Users/mhaniff/affiliate-template-72325/apps/admin/src/app/api/auth/[...nextauth]"
2025-07-23T22:49:37.451854Z  INFO get_globs:scan_sources: tailwindcss_oxide::scanner: Discovering "/Users/mhaniff/affiliate-template-72325/apps/admin/src/app/api/health"
2025-07-23T22:49:37.451883Z  INFO get_globs:scan_sources: tailwindcss_oxide::scanner: Discovering "/Users/mhaniff/affiliate-template-72325/apps/admin/src/app/api/health/db"
2025-07-23T22:49:37.451906Z  INFO get_globs:scan_sources: tailwindcss_oxide::scanner: Discovering "/Users/mhaniff/affiliate-template-72325/apps/admin/src/app/api/sites"
2025-07-23T22:49:37.451928Z  INFO get_globs:scan_sources: tailwindcss_oxide::scanner: Discovering "/Users/mhaniff/affiliate-template-72325/apps/admin/src/app/api/sites/[id]"
2025-07-23T22:49:37.451950Z  INFO get_globs:scan_sources: tailwindcss_oxide::scanner: Discovering "/Users/mhaniff/affiliate-template-72325/apps/admin/src/app/api/cms"
2025-07-23T22:49:37.451969Z  INFO get_globs:scan_sources: tailwindcss_oxide::scanner: Discovering "/Users/mhaniff/affiliate-template-72325/apps/admin/src/app/api/cms/posts"
2025-07-23T22:49:37.451992Z  INFO get_globs:scan_sources: tailwindcss_oxide::scanner: Discovering "/Users/mhaniff/affiliate-template-72325/apps/admin/src/app/api/cms/posts/[id]"
2025-07-23T22:49:37.452010Z  INFO get_globs:scan_sources: tailwindcss_oxide::scanner: Discovering "/Users/mhaniff/affiliate-template-72325/apps/admin/src/app/api/cms/posts/[id]/reject"
2025-07-23T22:49:37.452034Z  INFO get_globs:scan_sources: tailwindcss_oxide::scanner: Discovering "/Users/mhaniff/affiliate-template-72325/apps/admin/src/app/api/cms/posts/[id]/approve"
2025-07-23T22:49:37.452066Z  INFO get_globs:scan_sources: tailwindcss_oxide::scanner: Discovering "/Users/mhaniff/affiliate-template-72325/apps/admin/src/app/api/ai"
2025-07-23T22:49:37.452089Z  INFO get_globs:scan_sources: tailwindcss_oxide::scanner: Discovering "/Users/mhaniff/affiliate-template-72325/apps/admin/src/app/api/ai/test-connection"
2025-07-23T22:49:37.452115Z  INFO get_globs:scan_sources: tailwindcss_oxide::scanner: Discovering "/Users/mhaniff/affiliate-template-72325/apps/admin/src/app/api/ai/generate-content"
2025-07-23T22:49:37.452137Z  INFO get_globs:scan_sources: tailwindcss_oxide::scanner: Discovering "/Users/mhaniff/affiliate-template-72325/apps/admin/src/app/api/ai/generate-image"
2025-07-23T22:49:37.452160Z  INFO get_globs:scan_sources: tailwindcss_oxide::scanner: Discovering "/Users/mhaniff/affiliate-template-72325/apps/admin/src/app/api/affiliate"
2025-07-23T22:49:37.452177Z  INFO get_globs:scan_sources: tailwindcss_oxide::scanner: Discovering "/Users/mhaniff/affiliate-template-72325/apps/admin/src/app/api/affiliate/search"
2025-07-23T22:49:37.452203Z  INFO get_globs:scan_sources: tailwindcss_oxide::scanner: Discovering "/Users/mhaniff/affiliate-template-72325/apps/admin/src/app/api/analytics"
2025-07-23T22:49:37.452226Z  INFO get_globs:scan_sources: tailwindcss_oxide::scanner: Discovering "/Users/mhaniff/affiliate-template-72325/apps/admin/src/app/newsletter"
2025-07-23T22:49:37.452255Z  INFO get_globs:scan_sources: tailwindcss_oxide::scanner: Discovering "/Users/mhaniff/affiliate-template-72325/apps/admin/src/app/analytics"
2025-07-23T22:49:37.452277Z  INFO get_globs:scan_sources: tailwindcss_oxide::scanner: Discovering "/Users/mhaniff/affiliate-template-72325/apps/admin/src/app/approval"
2025-07-23T22:49:37.452300Z  INFO get_globs:scan_sources: tailwindcss_oxide::scanner: Discovering "/Users/mhaniff/affiliate-template-72325/apps/admin/src/components"
2025-07-23T22:49:37.452321Z  INFO get_globs:scan_sources: tailwindcss_oxide::scanner: Discovering "/Users/mhaniff/affiliate-template-72325/apps/admin/src/components/cms"
2025-07-23T22:49:37.452344Z  INFO get_globs:scan_sources: tailwindcss_oxide::scanner: Discovering "/Users/mhaniff/affiliate-template-72325/apps/admin/src/components/ai"
2025-07-23T22:49:37.452379Z  INFO get_globs:scan_sources: tailwindcss_oxide::scanner: Discovering "/Users/mhaniff/affiliate-template-72325/apps/admin/src/__tests__"
2025-07-23T22:49:37.452399Z  INFO get_globs:scan_sources: tailwindcss_oxide::scanner: Discovering "/Users/mhaniff/affiliate-template-72325/apps/admin/src/__tests__/unit"
2025-07-23T22:49:37.452421Z  INFO get_globs:scan_sources: tailwindcss_oxide::scanner: Discovering "/Users/mhaniff/affiliate-template-72325/apps/admin/src/__tests__/unit/components"
2025-07-23T22:49:37.452448Z  INFO get_globs:scan_sources: tailwindcss_oxide::scanner: Discovering "/Users/mhaniff/affiliate-template-72325/apps/admin/src/__tests__/integration"
2025-07-23T22:49:37.452473Z  INFO get_globs:scan_sources: tailwindcss_oxide::scanner: Discovering "/Users/mhaniff/affiliate-template-72325/apps/admin/src/__tests__/e2e"
2025-07-23T22:49:37.452496Z  INFO get_globs:scan_sources: tailwindcss_oxide::scanner: Discovering "/Users/mhaniff/affiliate-template-72325/apps/admin/src/lib"
2025-07-23T22:49:37.452551Z  INFO get_globs:scan_sources: tailwindcss_oxide::scanner: exit
2025-07-23T22:49:37.453312Z  INFO get_globs: tailwindcss_oxide::scanner: exit
2025-07-23T22:49:37.983345Z  INFO scan_sources: tailwindcss_oxide::scanner: enter
2025-07-23T22:49:37.984077Z  INFO scan_sources: tailwindcss_oxide::scanner: Discovering "/Users/mhaniff/affiliate-template-72325/apps/admin/public"
2025-07-23T22:49:37.984158Z  INFO scan_sources: tailwindcss_oxide::scanner: Discovering "/Users/mhaniff/affiliate-template-72325/apps/admin/src"
2025-07-23T22:49:37.984184Z  INFO scan_sources: tailwindcss_oxide::scanner: Discovering "/Users/mhaniff/affiliate-template-72325/apps/admin/src/app"
2025-07-23T22:49:37.984219Z  INFO scan_sources: tailwindcss_oxide::scanner: Discovering "/Users/mhaniff/affiliate-template-72325/apps/admin/src/app/products"
2025-07-23T22:49:37.984246Z  INFO scan_sources: tailwindcss_oxide::scanner: Discovering "/Users/mhaniff/affiliate-template-72325/apps/admin/src/app/products/manual-amazon"
2025-07-23T22:49:37.984288Z  INFO scan_sources: tailwindcss_oxide::scanner: Discovering "/Users/mhaniff/affiliate-template-72325/apps/admin/src/app/auth"
2025-07-23T22:49:37.984312Z  INFO scan_sources: tailwindcss_oxide::scanner: Discovering "/Users/mhaniff/affiliate-template-72325/apps/admin/src/app/auth/signin"
2025-07-23T22:49:37.984344Z  INFO scan_sources: tailwindcss_oxide::scanner: Discovering "/Users/mhaniff/affiliate-template-72325/apps/admin/src/app/dashboard"
2025-07-23T22:49:37.984370Z  INFO scan_sources: tailwindcss_oxide::scanner: Discovering "/Users/mhaniff/affiliate-template-72325/apps/admin/src/app/sites"
2025-07-23T22:49:37.984398Z  INFO scan_sources: tailwindcss_oxide::scanner: Discovering "/Users/mhaniff/affiliate-template-72325/apps/admin/src/app/social"
2025-07-23T22:49:37.984425Z  INFO scan_sources: tailwindcss_oxide::scanner: Discovering "/Users/mhaniff/affiliate-template-72325/apps/admin/src/app/cms"
2025-07-23T22:49:37.984452Z  INFO scan_sources: tailwindcss_oxide::scanner: Discovering "/Users/mhaniff/affiliate-template-72325/apps/admin/src/app/ai"
2025-07-23T22:49:37.984484Z  INFO scan_sources: tailwindcss_oxide::scanner: Discovering "/Users/mhaniff/affiliate-template-72325/apps/admin/src/app/generate"
2025-07-23T22:49:37.984511Z  INFO scan_sources: tailwindcss_oxide::scanner: Discovering "/Users/mhaniff/affiliate-template-72325/apps/admin/src/app/api"
2025-07-23T22:49:37.984536Z  INFO scan_sources: tailwindcss_oxide::scanner: Discovering "/Users/mhaniff/affiliate-template-72325/apps/admin/src/app/api/products"
2025-07-23T22:49:37.984558Z  INFO scan_sources: tailwindcss_oxide::scanner: Discovering "/Users/mhaniff/affiliate-template-72325/apps/admin/src/app/api/products/manual-amazon"
2025-07-23T22:49:37.984597Z  INFO scan_sources: tailwindcss_oxide::scanner: Discovering "/Users/mhaniff/affiliate-template-72325/apps/admin/src/app/api/products/test-amazon"
2025-07-23T22:49:37.984628Z  INFO scan_sources: tailwindcss_oxide::scanner: Discovering "/Users/mhaniff/affiliate-template-72325/apps/admin/src/app/api/auth"
2025-07-23T22:49:37.984649Z  INFO scan_sources: tailwindcss_oxide::scanner: Discovering "/Users/mhaniff/affiliate-template-72325/apps/admin/src/app/api/auth/[...nextauth]"
2025-07-23T22:49:37.984687Z  INFO scan_sources: tailwindcss_oxide::scanner: Discovering "/Users/mhaniff/affiliate-template-72325/apps/admin/src/app/api/health"
2025-07-23T22:49:37.984715Z  INFO scan_sources: tailwindcss_oxide::scanner: Discovering "/Users/mhaniff/affiliate-template-72325/apps/admin/src/app/api/health/db"
2025-07-23T22:49:37.984755Z  INFO scan_sources: tailwindcss_oxide::scanner: Discovering "/Users/mhaniff/affiliate-template-72325/apps/admin/src/app/api/sites"
2025-07-23T22:49:37.984781Z  INFO scan_sources: tailwindcss_oxide::scanner: Discovering "/Users/mhaniff/affiliate-template-72325/apps/admin/src/app/api/sites/[id]"
2025-07-23T22:49:37.984810Z  INFO scan_sources: tailwindcss_oxide::scanner: Discovering "/Users/mhaniff/affiliate-template-72325/apps/admin/src/app/api/cms"
2025-07-23T22:49:37.984832Z  INFO scan_sources: tailwindcss_oxide::scanner: Discovering "/Users/mhaniff/affiliate-template-72325/apps/admin/src/app/api/cms/posts"
2025-07-23T22:49:37.984863Z  INFO scan_sources: tailwindcss_oxide::scanner: Discovering "/Users/mhaniff/affiliate-template-72325/apps/admin/src/app/api/cms/posts/[id]"
2025-07-23T22:49:37.984889Z  INFO scan_sources: tailwindcss_oxide::scanner: Discovering "/Users/mhaniff/affiliate-template-72325/apps/admin/src/app/api/cms/posts/[id]/reject"
2025-07-23T22:49:37.984917Z  INFO scan_sources: tailwindcss_oxide::scanner: Discovering "/Users/mhaniff/affiliate-template-72325/apps/admin/src/app/api/cms/posts/[id]/approve"
2025-07-23T22:49:37.984957Z  INFO scan_sources: tailwindcss_oxide::scanner: Discovering "/Users/mhaniff/affiliate-template-72325/apps/admin/src/app/api/ai"
2025-07-23T22:49:37.984981Z  INFO scan_sources: tailwindcss_oxide::scanner: Discovering "/Users/mhaniff/affiliate-template-72325/apps/admin/src/app/api/ai/test-connection"
2025-07-23T22:49:37.985009Z  INFO scan_sources: tailwindcss_oxide::scanner: Discovering "/Users/mhaniff/affiliate-template-72325/apps/admin/src/app/api/ai/generate-content"
2025-07-23T22:49:37.985039Z  INFO scan_sources: tailwindcss_oxide::scanner: Discovering "/Users/mhaniff/affiliate-template-72325/apps/admin/src/app/api/ai/generate-image"
2025-07-23T22:49:37.985069Z  INFO scan_sources: tailwindcss_oxide::scanner: Discovering "/Users/mhaniff/affiliate-template-72325/apps/admin/src/app/api/affiliate"
2025-07-23T22:49:37.985093Z  INFO scan_sources: tailwindcss_oxide::scanner: Discovering "/Users/mhaniff/affiliate-template-72325/apps/admin/src/app/api/affiliate/search"
2025-07-23T22:49:37.985126Z  INFO scan_sources: tailwindcss_oxide::scanner: Discovering "/Users/mhaniff/affiliate-template-72325/apps/admin/src/app/api/analytics"
2025-07-23T22:49:37.985154Z  INFO scan_sources: tailwindcss_oxide::scanner: Discovering "/Users/mhaniff/affiliate-template-72325/apps/admin/src/app/newsletter"
2025-07-23T22:49:37.985191Z  INFO scan_sources: tailwindcss_oxide::scanner: Discovering "/Users/mhaniff/affiliate-template-72325/apps/admin/src/app/analytics"
2025-07-23T22:49:37.985220Z  INFO scan_sources: tailwindcss_oxide::scanner: Discovering "/Users/mhaniff/affiliate-template-72325/apps/admin/src/app/approval"
2025-07-23T22:49:37.985250Z  INFO scan_sources: tailwindcss_oxide::scanner: Discovering "/Users/mhaniff/affiliate-template-72325/apps/admin/src/components"
2025-07-23T22:49:37.985277Z  INFO scan_sources: tailwindcss_oxide::scanner: Discovering "/Users/mhaniff/affiliate-template-72325/apps/admin/src/components/cms"
2025-07-23T22:49:37.985305Z  INFO scan_sources: tailwindcss_oxide::scanner: Discovering "/Users/mhaniff/affiliate-template-72325/apps/admin/src/components/ai"
2025-07-23T22:49:37.985344Z  INFO scan_sources: tailwindcss_oxide::scanner: Discovering "/Users/mhaniff/affiliate-template-72325/apps/admin/src/__tests__"
2025-07-23T22:49:37.985368Z  INFO scan_sources: tailwindcss_oxide::scanner: Discovering "/Users/mhaniff/affiliate-template-72325/apps/admin/src/__tests__/unit"
2025-07-23T22:49:37.985394Z  INFO scan_sources: tailwindcss_oxide::scanner: Discovering "/Users/mhaniff/affiliate-template-72325/apps/admin/src/__tests__/unit/components"
2025-07-23T22:49:37.985423Z  INFO scan_sources: tailwindcss_oxide::scanner: Discovering "/Users/mhaniff/affiliate-template-72325/apps/admin/src/__tests__/integration"
2025-07-23T22:49:37.985453Z  INFO scan_sources: tailwindcss_oxide::scanner: Discovering "/Users/mhaniff/affiliate-template-72325/apps/admin/src/__tests__/e2e"
2025-07-23T22:49:37.985492Z  INFO scan_sources: tailwindcss_oxide::scanner: Discovering "/Users/mhaniff/affiliate-template-72325/apps/admin/src/lib"
2025-07-23T22:49:37.985558Z  INFO scan_sources: tailwindcss_oxide::scanner: exit
2025-07-23T22:49:37.985562Z  INFO extract_candidates: tailwindcss_oxide::scanner: enter
2025-07-23T22:49:37.985565Z  INFO extract_candidates:read_all_files: tailwindcss_oxide::scanner: enter
2025-07-23T22:49:37.985568Z  INFO extract_candidates:read_all_files: tailwindcss_oxide::scanner: Reading 0 file(s)
2025-07-23T22:49:37.985571Z  INFO extract_candidates:read_all_files: tailwindcss_oxide::scanner: exit
2025-07-23T22:49:37.985573Z  INFO extract_candidates:parse_all_blobs: tailwindcss_oxide::scanner: enter
2025-07-23T22:49:37.985575Z  INFO extract_candidates:parse_all_blobs:extract: tailwindcss_oxide::scanner: enter
2025-07-23T22:49:37.985578Z  INFO extract_candidates:parse_all_blobs:extract: tailwindcss_oxide::scanner: exit
2025-07-23T22:49:37.985580Z  INFO extract_candidates:parse_all_blobs: tailwindcss_oxide::scanner: exit
2025-07-23T22:49:37.985583Z  INFO extract_candidates: tailwindcss_oxide::scanner: exit
2025-07-23T22:49:37.985956Z  INFO get_files: tailwindcss_oxide::scanner: enter
2025-07-23T22:49:37.985981Z  INFO get_files:scan_sources: tailwindcss_oxide::scanner: enter
2025-07-23T22:49:37.986727Z  INFO get_files:scan_sources: tailwindcss_oxide::scanner: Discovering "/Users/mhaniff/affiliate-template-72325/apps/admin/public"
2025-07-23T22:49:37.986814Z  INFO get_files:scan_sources: tailwindcss_oxide::scanner: Discovering "/Users/mhaniff/affiliate-template-72325/apps/admin/src"
2025-07-23T22:49:37.986842Z  INFO get_files:scan_sources: tailwindcss_oxide::scanner: Discovering "/Users/mhaniff/affiliate-template-72325/apps/admin/src/app"
2025-07-23T22:49:37.986871Z  INFO get_files:scan_sources: tailwindcss_oxide::scanner: Discovering "/Users/mhaniff/affiliate-template-72325/apps/admin/src/app/products"
2025-07-23T22:49:37.986899Z  INFO get_files:scan_sources: tailwindcss_oxide::scanner: Discovering "/Users/mhaniff/affiliate-template-72325/apps/admin/src/app/products/manual-amazon"
2025-07-23T22:49:37.986941Z  INFO get_files:scan_sources: tailwindcss_oxide::scanner: Discovering "/Users/mhaniff/affiliate-template-72325/apps/admin/src/app/auth"
2025-07-23T22:49:37.986967Z  INFO get_files:scan_sources: tailwindcss_oxide::scanner: Discovering "/Users/mhaniff/affiliate-template-72325/apps/admin/src/app/auth/signin"
2025-07-23T22:49:37.986997Z  INFO get_files:scan_sources: tailwindcss_oxide::scanner: Discovering "/Users/mhaniff/affiliate-template-72325/apps/admin/src/app/dashboard"
2025-07-23T22:49:37.987023Z  INFO get_files:scan_sources: tailwindcss_oxide::scanner: Discovering "/Users/mhaniff/affiliate-template-72325/apps/admin/src/app/sites"
2025-07-23T22:49:37.987050Z  INFO get_files:scan_sources: tailwindcss_oxide::scanner: Discovering "/Users/mhaniff/affiliate-template-72325/apps/admin/src/app/social"
2025-07-23T22:49:37.987077Z  INFO get_files:scan_sources: tailwindcss_oxide::scanner: Discovering "/Users/mhaniff/affiliate-template-72325/apps/admin/src/app/cms"
2025-07-23T22:49:37.987106Z  INFO get_files:scan_sources: tailwindcss_oxide::scanner: Discovering "/Users/mhaniff/affiliate-template-72325/apps/admin/src/app/ai"
2025-07-23T22:49:37.987136Z  INFO get_files:scan_sources: tailwindcss_oxide::scanner: Discovering "/Users/mhaniff/affiliate-template-72325/apps/admin/src/app/generate"
2025-07-23T22:49:37.987162Z  INFO get_files:scan_sources: tailwindcss_oxide::scanner: Discovering "/Users/mhaniff/affiliate-template-72325/apps/admin/src/app/api"
2025-07-23T22:49:37.987189Z  INFO get_files:scan_sources: tailwindcss_oxide::scanner: Discovering "/Users/mhaniff/affiliate-template-72325/apps/admin/src/app/api/products"
2025-07-23T22:49:37.987218Z  INFO get_files:scan_sources: tailwindcss_oxide::scanner: Discovering "/Users/mhaniff/affiliate-template-72325/apps/admin/src/app/api/products/manual-amazon"
2025-07-23T22:49:37.987278Z  INFO get_files:scan_sources: tailwindcss_oxide::scanner: Discovering "/Users/mhaniff/affiliate-template-72325/apps/admin/src/app/api/products/test-amazon"
2025-07-23T22:49:37.987313Z  INFO get_files:scan_sources: tailwindcss_oxide::scanner: Discovering "/Users/mhaniff/affiliate-template-72325/apps/admin/src/app/api/auth"
2025-07-23T22:49:37.987334Z  INFO get_files:scan_sources: tailwindcss_oxide::scanner: Discovering "/Users/mhaniff/affiliate-template-72325/apps/admin/src/app/api/auth/[...nextauth]"
2025-07-23T22:49:37.987363Z  INFO get_files:scan_sources: tailwindcss_oxide::scanner: Discovering "/Users/mhaniff/affiliate-template-72325/apps/admin/src/app/api/health"
2025-07-23T22:49:37.987391Z  INFO get_files:scan_sources: tailwindcss_oxide::scanner: Discovering "/Users/mhaniff/affiliate-template-72325/apps/admin/src/app/api/health/db"
2025-07-23T22:49:37.987420Z  INFO get_files:scan_sources: tailwindcss_oxide::scanner: Discovering "/Users/mhaniff/affiliate-template-72325/apps/admin/src/app/api/sites"
2025-07-23T22:49:37.987445Z  INFO get_files:scan_sources: tailwindcss_oxide::scanner: Discovering "/Users/mhaniff/affiliate-template-72325/apps/admin/src/app/api/sites/[id]"
2025-07-23T22:49:37.987473Z  INFO get_files:scan_sources: tailwindcss_oxide::scanner: Discovering "/Users/mhaniff/affiliate-template-72325/apps/admin/src/app/api/cms"
2025-07-23T22:49:37.987500Z  INFO get_files:scan_sources: tailwindcss_oxide::scanner: Discovering "/Users/mhaniff/affiliate-template-72325/apps/admin/src/app/api/cms/posts"
2025-07-23T22:49:37.987529Z  INFO get_files:scan_sources: tailwindcss_oxide::scanner: Discovering "/Users/mhaniff/affiliate-template-72325/apps/admin/src/app/api/cms/posts/[id]"
2025-07-23T22:49:37.987550Z  INFO get_files:scan_sources: tailwindcss_oxide::scanner: Discovering "/Users/mhaniff/affiliate-template-72325/apps/admin/src/app/api/cms/posts/[id]/reject"
2025-07-23T22:49:37.987577Z  INFO get_files:scan_sources: tailwindcss_oxide::scanner: Discovering "/Users/mhaniff/affiliate-template-72325/apps/admin/src/app/api/cms/posts/[id]/approve"
2025-07-23T22:49:37.987617Z  INFO get_files:scan_sources: tailwindcss_oxide::scanner: Discovering "/Users/mhaniff/affiliate-template-72325/apps/admin/src/app/api/ai"
2025-07-23T22:49:37.987639Z  INFO get_files:scan_sources: tailwindcss_oxide::scanner: Discovering "/Users/mhaniff/affiliate-template-72325/apps/admin/src/app/api/ai/test-connection"
2025-07-23T22:49:37.987665Z  INFO get_files:scan_sources: tailwindcss_oxide::scanner: Discovering "/Users/mhaniff/affiliate-template-72325/apps/admin/src/app/api/ai/generate-content"
2025-07-23T22:49:37.987691Z  INFO get_files:scan_sources: tailwindcss_oxide::scanner: Discovering "/Users/mhaniff/affiliate-template-72325/apps/admin/src/app/api/ai/generate-image"
2025-07-23T22:49:37.987718Z  INFO get_files:scan_sources: tailwindcss_oxide::scanner: Discovering "/Users/mhaniff/affiliate-template-72325/apps/admin/src/app/api/affiliate"
2025-07-23T22:49:37.987739Z  INFO get_files:scan_sources: tailwindcss_oxide::scanner: Discovering "/Users/mhaniff/affiliate-template-72325/apps/admin/src/app/api/affiliate/search"
2025-07-23T22:49:37.987801Z  INFO get_files:scan_sources: tailwindcss_oxide::scanner: Discovering "/Users/mhaniff/affiliate-template-72325/apps/admin/src/app/api/analytics"
2025-07-23T22:49:37.987874Z  INFO get_files:scan_sources: tailwindcss_oxide::scanner: Discovering "/Users/mhaniff/affiliate-template-72325/apps/admin/src/app/newsletter"
2025-07-23T22:49:37.987920Z  INFO get_files:scan_sources: tailwindcss_oxide::scanner: Discovering "/Users/mhaniff/affiliate-template-72325/apps/admin/src/app/analytics"
2025-07-23T22:49:37.987956Z  INFO get_files:scan_sources: tailwindcss_oxide::scanner: Discovering "/Users/mhaniff/affiliate-template-72325/apps/admin/src/app/approval"
2025-07-23T22:49:37.987994Z  INFO get_files:scan_sources: tailwindcss_oxide::scanner: Discovering "/Users/mhaniff/affiliate-template-72325/apps/admin/src/components"
2025-07-23T22:49:37.988025Z  INFO get_files:scan_sources: tailwindcss_oxide::scanner: Discovering "/Users/mhaniff/affiliate-template-72325/apps/admin/src/components/cms"
2025-07-23T22:49:37.988062Z  INFO get_files:scan_sources: tailwindcss_oxide::scanner: Discovering "/Users/mhaniff/affiliate-template-72325/apps/admin/src/components/ai"
2025-07-23T22:49:37.988102Z  INFO get_files:scan_sources: tailwindcss_oxide::scanner: Discovering "/Users/mhaniff/affiliate-template-72325/apps/admin/src/__tests__"
2025-07-23T22:49:37.988127Z  INFO get_files:scan_sources: tailwindcss_oxide::scanner: Discovering "/Users/mhaniff/affiliate-template-72325/apps/admin/src/__tests__/unit"
2025-07-23T22:49:37.988156Z  INFO get_files:scan_sources: tailwindcss_oxide::scanner: Discovering "/Users/mhaniff/affiliate-template-72325/apps/admin/src/__tests__/unit/components"
2025-07-23T22:49:37.988184Z  INFO get_files:scan_sources: tailwindcss_oxide::scanner: Discovering "/Users/mhaniff/affiliate-template-72325/apps/admin/src/__tests__/integration"
2025-07-23T22:49:37.988214Z  INFO get_files:scan_sources: tailwindcss_oxide::scanner: Discovering "/Users/mhaniff/affiliate-template-72325/apps/admin/src/__tests__/e2e"
2025-07-23T22:49:37.988242Z  INFO get_files:scan_sources: tailwindcss_oxide::scanner: Discovering "/Users/mhaniff/affiliate-template-72325/apps/admin/src/lib"
2025-07-23T22:49:37.988311Z  INFO get_files:scan_sources: tailwindcss_oxide::scanner: exit
2025-07-23T22:49:37.989060Z  INFO get_files: tailwindcss_oxide::scanner: exit
2025-07-23T22:49:37.989165Z  INFO get_globs: tailwindcss_oxide::scanner: enter
2025-07-23T22:49:37.989170Z  INFO get_globs: tailwindcss_oxide::scanner: exit
