2025-07-23T22:39:39.985992Z  INFO tailwindcss_oxide::scanner: Provided sources:
2025-07-23T22:39:39.986057Z  INFO tailwindcss_oxide::scanner: Source: PublicSourceEntry { base: "/Users/mhaniff/affiliate-template-72325/apps/admin", pattern: "**/*", negated: false }
2025-07-23T22:39:39.986116Z  INFO tailwindcss_oxide::scanner: Optimized sources:
2025-07-23T22:39:39.986122Z  INFO tailwindcss_oxide::scanner: Source: Auto { base: "/Users/mhaniff/affiliate-template-72325/apps/admin" }
2025-07-23T22:39:39.987174Z  INFO scan_sources: tailwindcss_oxide::scanner: enter
2025-07-23T22:39:39.987793Z  INFO scan_sources: tailwindcss_oxide::scanner: Discovering "/Users/mhaniff/affiliate-template-72325/apps/admin/vercel.json"
2025-07-23T22:39:39.987822Z  INFO scan_sources: tailwindcss_oxide::scanner: Discovering "/Users/mhaniff/affiliate-template-72325/apps/admin/jest.setup.js"
2025-07-23T22:39:39.987847Z  INFO scan_sources: tailwindcss_oxide::scanner: Discovering "/Users/mhaniff/affiliate-template-72325/apps/admin/postcss.config.mjs"
2025-07-23T22:39:39.987858Z  INFO scan_sources: tailwindcss_oxide::scanner: Discovering "/Users/mhaniff/affiliate-template-72325/apps/admin/jest.config.js"
2025-07-23T22:39:39.987921Z  INFO scan_sources: tailwindcss_oxide::scanner: Discovering "/Users/mhaniff/affiliate-template-72325/apps/admin/README.md"
2025-07-23T22:39:39.987963Z  INFO scan_sources: tailwindcss_oxide::scanner: Discovering "/Users/mhaniff/affiliate-template-72325/apps/admin/public"
2025-07-23T22:39:39.987986Z  INFO scan_sources: tailwindcss_oxide::scanner: Discovering "/Users/mhaniff/affiliate-template-72325/apps/admin/public/file.svg"
2025-07-23T22:39:39.987997Z  INFO scan_sources: tailwindcss_oxide::scanner: Discovering "/Users/mhaniff/affiliate-template-72325/apps/admin/public/vercel.svg"
2025-07-23T22:39:39.988007Z  INFO scan_sources: tailwindcss_oxide::scanner: Discovering "/Users/mhaniff/affiliate-template-72325/apps/admin/public/next.svg"
2025-07-23T22:39:39.988016Z  INFO scan_sources: tailwindcss_oxide::scanner: Discovering "/Users/mhaniff/affiliate-template-72325/apps/admin/public/globe.svg"
2025-07-23T22:39:39.988026Z  INFO scan_sources: tailwindcss_oxide::scanner: Discovering "/Users/mhaniff/affiliate-template-72325/apps/admin/public/window.svg"
2025-07-23T22:39:39.988042Z  INFO scan_sources: tailwindcss_oxide::scanner: Discovering "/Users/mhaniff/affiliate-template-72325/apps/admin/package.json"
2025-07-23T22:39:39.988052Z  INFO scan_sources: tailwindcss_oxide::scanner: Discovering "/Users/mhaniff/affiliate-template-72325/apps/admin/tsconfig.json"
2025-07-23T22:39:39.988061Z  INFO scan_sources: tailwindcss_oxide::scanner: Discovering "/Users/mhaniff/affiliate-template-72325/apps/admin/playwright.config.ts"
2025-07-23T22:39:39.988070Z  INFO scan_sources: tailwindcss_oxide::scanner: Discovering "/Users/mhaniff/affiliate-template-72325/apps/admin/eslint.config.mjs"
2025-07-23T22:39:39.988080Z  INFO scan_sources: tailwindcss_oxide::scanner: Discovering "/Users/mhaniff/affiliate-template-72325/apps/admin/next.config.ts"
2025-07-23T22:39:39.988096Z  INFO scan_sources: tailwindcss_oxide::scanner: Discovering "/Users/mhaniff/affiliate-template-72325/apps/admin/src"
2025-07-23T22:39:39.988122Z  INFO scan_sources: tailwindcss_oxide::scanner: Discovering "/Users/mhaniff/affiliate-template-72325/apps/admin/src/app"
2025-07-23T22:39:39.988155Z  INFO scan_sources: tailwindcss_oxide::scanner: Discovering "/Users/mhaniff/affiliate-template-72325/apps/admin/src/app/products"
2025-07-23T22:39:39.988185Z  INFO scan_sources: tailwindcss_oxide::scanner: Discovering "/Users/mhaniff/affiliate-template-72325/apps/admin/src/app/products/manual-amazon"
2025-07-23T22:39:39.988206Z  INFO scan_sources: tailwindcss_oxide::scanner: Discovering "/Users/mhaniff/affiliate-template-72325/apps/admin/src/app/products/manual-amazon/page.tsx"
2025-07-23T22:39:39.988217Z  INFO scan_sources: tailwindcss_oxide::scanner: Discovering "/Users/mhaniff/affiliate-template-72325/apps/admin/src/app/products/page.tsx"
2025-07-23T22:39:39.988234Z  INFO scan_sources: tailwindcss_oxide::scanner: Discovering "/Users/mhaniff/affiliate-template-72325/apps/admin/src/app/auth"
2025-07-23T22:39:39.988270Z  INFO scan_sources: tailwindcss_oxide::scanner: Discovering "/Users/mhaniff/affiliate-template-72325/apps/admin/src/app/auth/signin"
2025-07-23T22:39:39.988286Z  INFO scan_sources: tailwindcss_oxide::scanner: Discovering "/Users/mhaniff/affiliate-template-72325/apps/admin/src/app/auth/signin/page.tsx"
2025-07-23T22:39:39.988303Z  INFO scan_sources: tailwindcss_oxide::scanner: Discovering "/Users/mhaniff/affiliate-template-72325/apps/admin/src/app/dashboard"
2025-07-23T22:39:39.988320Z  INFO scan_sources: tailwindcss_oxide::scanner: Discovering "/Users/mhaniff/affiliate-template-72325/apps/admin/src/app/dashboard/page.tsx"
2025-07-23T22:39:39.988338Z  INFO scan_sources: tailwindcss_oxide::scanner: Discovering "/Users/mhaniff/affiliate-template-72325/apps/admin/src/app/sites"
2025-07-23T22:39:39.988356Z  INFO scan_sources: tailwindcss_oxide::scanner: Discovering "/Users/mhaniff/affiliate-template-72325/apps/admin/src/app/sites/page.tsx"
2025-07-23T22:39:39.988373Z  INFO scan_sources: tailwindcss_oxide::scanner: Discovering "/Users/mhaniff/affiliate-template-72325/apps/admin/src/app/social"
2025-07-23T22:39:39.988391Z  INFO scan_sources: tailwindcss_oxide::scanner: Discovering "/Users/mhaniff/affiliate-template-72325/apps/admin/src/app/social/page.tsx"
2025-07-23T22:39:39.988407Z  INFO scan_sources: tailwindcss_oxide::scanner: Discovering "/Users/mhaniff/affiliate-template-72325/apps/admin/src/app/cms"
2025-07-23T22:39:39.988425Z  INFO scan_sources: tailwindcss_oxide::scanner: Discovering "/Users/mhaniff/affiliate-template-72325/apps/admin/src/app/cms/page.tsx"
2025-07-23T22:39:39.988440Z  INFO scan_sources: tailwindcss_oxide::scanner: Discovering "/Users/mhaniff/affiliate-template-72325/apps/admin/src/app/ai"
2025-07-23T22:39:39.988456Z  INFO scan_sources: tailwindcss_oxide::scanner: Discovering "/Users/mhaniff/affiliate-template-72325/apps/admin/src/app/ai/page.tsx"
2025-07-23T22:39:39.988467Z  INFO scan_sources: tailwindcss_oxide::scanner: Discovering "/Users/mhaniff/affiliate-template-72325/apps/admin/src/app/layout.tsx"
2025-07-23T22:39:39.988481Z  INFO scan_sources: tailwindcss_oxide::scanner: Discovering "/Users/mhaniff/affiliate-template-72325/apps/admin/src/app/generate"
2025-07-23T22:39:39.988500Z  INFO scan_sources: tailwindcss_oxide::scanner: Discovering "/Users/mhaniff/affiliate-template-72325/apps/admin/src/app/generate/page.tsx"
2025-07-23T22:39:39.988516Z  INFO scan_sources: tailwindcss_oxide::scanner: Discovering "/Users/mhaniff/affiliate-template-72325/apps/admin/src/app/api"
2025-07-23T22:39:39.988543Z  INFO scan_sources: tailwindcss_oxide::scanner: Discovering "/Users/mhaniff/affiliate-template-72325/apps/admin/src/app/api/products"
2025-07-23T22:39:39.988569Z  INFO scan_sources: tailwindcss_oxide::scanner: Discovering "/Users/mhaniff/affiliate-template-72325/apps/admin/src/app/api/products/manual-amazon"
2025-07-23T22:39:39.988589Z  INFO scan_sources: tailwindcss_oxide::scanner: Discovering "/Users/mhaniff/affiliate-template-72325/apps/admin/src/app/api/products/manual-amazon/route.ts.disabled"
2025-07-23T22:39:39.988599Z  INFO scan_sources: tailwindcss_oxide::scanner: Discovering "/Users/mhaniff/affiliate-template-72325/apps/admin/src/app/api/products/route.ts"
2025-07-23T22:39:39.988620Z  INFO scan_sources: tailwindcss_oxide::scanner: Discovering "/Users/mhaniff/affiliate-template-72325/apps/admin/src/app/api/products/test-amazon"
2025-07-23T22:39:39.988639Z  INFO scan_sources: tailwindcss_oxide::scanner: Discovering "/Users/mhaniff/affiliate-template-72325/apps/admin/src/app/api/products/test-amazon/route.ts.disabled"
2025-07-23T22:39:39.988656Z  INFO scan_sources: tailwindcss_oxide::scanner: Discovering "/Users/mhaniff/affiliate-template-72325/apps/admin/src/app/api/auth"
2025-07-23T22:39:39.988679Z  INFO scan_sources: tailwindcss_oxide::scanner: Discovering "/Users/mhaniff/affiliate-template-72325/apps/admin/src/app/api/auth/[...nextauth]"
2025-07-23T22:39:39.988698Z  INFO scan_sources: tailwindcss_oxide::scanner: Discovering "/Users/mhaniff/affiliate-template-72325/apps/admin/src/app/api/auth/[...nextauth]/route.ts"
2025-07-23T22:39:39.988728Z  INFO scan_sources: tailwindcss_oxide::scanner: Discovering "/Users/mhaniff/affiliate-template-72325/apps/admin/src/app/api/health"
2025-07-23T22:39:39.988749Z  INFO scan_sources: tailwindcss_oxide::scanner: Discovering "/Users/mhaniff/affiliate-template-72325/apps/admin/src/app/api/health/route.ts"
2025-07-23T22:39:39.988763Z  INFO scan_sources: tailwindcss_oxide::scanner: Discovering "/Users/mhaniff/affiliate-template-72325/apps/admin/src/app/api/health/db"
2025-07-23T22:39:39.988780Z  INFO scan_sources: tailwindcss_oxide::scanner: Discovering "/Users/mhaniff/affiliate-template-72325/apps/admin/src/app/api/health/db/route.ts"
2025-07-23T22:39:39.988797Z  INFO scan_sources: tailwindcss_oxide::scanner: Discovering "/Users/mhaniff/affiliate-template-72325/apps/admin/src/app/api/sites"
2025-07-23T22:39:39.988815Z  INFO scan_sources: tailwindcss_oxide::scanner: Discovering "/Users/mhaniff/affiliate-template-72325/apps/admin/src/app/api/sites/route.ts"
2025-07-23T22:39:39.988830Z  INFO scan_sources: tailwindcss_oxide::scanner: Discovering "/Users/mhaniff/affiliate-template-72325/apps/admin/src/app/api/sites/[id]"
2025-07-23T22:39:39.988848Z  INFO scan_sources: tailwindcss_oxide::scanner: Discovering "/Users/mhaniff/affiliate-template-72325/apps/admin/src/app/api/sites/[id]/route.ts"
2025-07-23T22:39:39.988864Z  INFO scan_sources: tailwindcss_oxide::scanner: Discovering "/Users/mhaniff/affiliate-template-72325/apps/admin/src/app/api/cms"
2025-07-23T22:39:39.988893Z  INFO scan_sources: tailwindcss_oxide::scanner: Discovering "/Users/mhaniff/affiliate-template-72325/apps/admin/src/app/api/cms/posts"
2025-07-23T22:39:39.988911Z  INFO scan_sources: tailwindcss_oxide::scanner: Discovering "/Users/mhaniff/affiliate-template-72325/apps/admin/src/app/api/cms/posts/route.ts"
2025-07-23T22:39:39.988938Z  INFO scan_sources: tailwindcss_oxide::scanner: Discovering "/Users/mhaniff/affiliate-template-72325/apps/admin/src/app/api/cms/posts/[id]"
2025-07-23T22:39:39.988962Z  INFO scan_sources: tailwindcss_oxide::scanner: Discovering "/Users/mhaniff/affiliate-template-72325/apps/admin/src/app/api/cms/posts/[id]/reject"
2025-07-23T22:39:39.988981Z  INFO scan_sources: tailwindcss_oxide::scanner: Discovering "/Users/mhaniff/affiliate-template-72325/apps/admin/src/app/api/cms/posts/[id]/reject/route.ts"
2025-07-23T22:39:39.989000Z  INFO scan_sources: tailwindcss_oxide::scanner: Discovering "/Users/mhaniff/affiliate-template-72325/apps/admin/src/app/api/cms/posts/[id]/approve"
2025-07-23T22:39:39.989016Z  INFO scan_sources: tailwindcss_oxide::scanner: Discovering "/Users/mhaniff/affiliate-template-72325/apps/admin/src/app/api/cms/posts/[id]/approve/route.ts"
2025-07-23T22:39:39.989026Z  INFO scan_sources: tailwindcss_oxide::scanner: Discovering "/Users/mhaniff/affiliate-template-72325/apps/admin/src/app/api/cms/posts/[id]/route.ts"
2025-07-23T22:39:39.989037Z  INFO scan_sources: tailwindcss_oxide::scanner: Discovering "/Users/mhaniff/affiliate-template-72325/apps/admin/src/app/api/cms/route.ts"
2025-07-23T22:39:39.989052Z  INFO scan_sources: tailwindcss_oxide::scanner: Discovering "/Users/mhaniff/affiliate-template-72325/apps/admin/src/app/api/ai"
2025-07-23T22:39:39.989075Z  INFO scan_sources: tailwindcss_oxide::scanner: Discovering "/Users/mhaniff/affiliate-template-72325/apps/admin/src/app/api/ai/test-connection"
2025-07-23T22:39:39.989093Z  INFO scan_sources: tailwindcss_oxide::scanner: Discovering "/Users/mhaniff/affiliate-template-72325/apps/admin/src/app/api/ai/test-connection/route.ts.disabled"
2025-07-23T22:39:39.989109Z  INFO scan_sources: tailwindcss_oxide::scanner: Discovering "/Users/mhaniff/affiliate-template-72325/apps/admin/src/app/api/ai/generate-content"
2025-07-23T22:39:39.989126Z  INFO scan_sources: tailwindcss_oxide::scanner: Discovering "/Users/mhaniff/affiliate-template-72325/apps/admin/src/app/api/ai/generate-content/route.ts.disabled"
2025-07-23T22:39:39.989142Z  INFO scan_sources: tailwindcss_oxide::scanner: Discovering "/Users/mhaniff/affiliate-template-72325/apps/admin/src/app/api/ai/generate-image"
2025-07-23T22:39:39.989166Z  INFO scan_sources: tailwindcss_oxide::scanner: Discovering "/Users/mhaniff/affiliate-template-72325/apps/admin/src/app/api/ai/generate-image/route.ts.disabled"
2025-07-23T22:39:39.989182Z  INFO scan_sources: tailwindcss_oxide::scanner: Discovering "/Users/mhaniff/affiliate-template-72325/apps/admin/src/app/api/affiliate"
2025-07-23T22:39:39.989204Z  INFO scan_sources: tailwindcss_oxide::scanner: Discovering "/Users/mhaniff/affiliate-template-72325/apps/admin/src/app/api/affiliate/search"
2025-07-23T22:39:39.989219Z  INFO scan_sources: tailwindcss_oxide::scanner: Discovering "/Users/mhaniff/affiliate-template-72325/apps/admin/src/app/api/affiliate/search/route.ts"
2025-07-23T22:39:39.989229Z  INFO scan_sources: tailwindcss_oxide::scanner: Discovering "/Users/mhaniff/affiliate-template-72325/apps/admin/src/app/api/affiliate/route.ts"
2025-07-23T22:39:39.989243Z  INFO scan_sources: tailwindcss_oxide::scanner: Discovering "/Users/mhaniff/affiliate-template-72325/apps/admin/src/app/api/analytics"
2025-07-23T22:39:39.989259Z  INFO scan_sources: tailwindcss_oxide::scanner: Discovering "/Users/mhaniff/affiliate-template-72325/apps/admin/src/app/api/analytics/route.ts"
2025-07-23T22:39:39.989274Z  INFO scan_sources: tailwindcss_oxide::scanner: Discovering "/Users/mhaniff/affiliate-template-72325/apps/admin/src/app/newsletter"
2025-07-23T22:39:39.989291Z  INFO scan_sources: tailwindcss_oxide::scanner: Discovering "/Users/mhaniff/affiliate-template-72325/apps/admin/src/app/newsletter/page.tsx"
2025-07-23T22:39:39.989301Z  INFO scan_sources: tailwindcss_oxide::scanner: Discovering "/Users/mhaniff/affiliate-template-72325/apps/admin/src/app/page.tsx"
2025-07-23T22:39:39.989309Z  INFO scan_sources: tailwindcss_oxide::scanner: Discovering "/Users/mhaniff/affiliate-template-72325/apps/admin/src/app/globals.css"
2025-07-23T22:39:39.989321Z  INFO scan_sources: tailwindcss_oxide::scanner: Discovering "/Users/mhaniff/affiliate-template-72325/apps/admin/src/app/analytics"
2025-07-23T22:39:39.989338Z  INFO scan_sources: tailwindcss_oxide::scanner: Discovering "/Users/mhaniff/affiliate-template-72325/apps/admin/src/app/analytics/page.tsx"
2025-07-23T22:39:39.989352Z  INFO scan_sources: tailwindcss_oxide::scanner: Discovering "/Users/mhaniff/affiliate-template-72325/apps/admin/src/app/approval"
2025-07-23T22:39:39.989368Z  INFO scan_sources: tailwindcss_oxide::scanner: Discovering "/Users/mhaniff/affiliate-template-72325/apps/admin/src/app/approval/page.tsx"
2025-07-23T22:39:39.989383Z  INFO scan_sources: tailwindcss_oxide::scanner: Discovering "/Users/mhaniff/affiliate-template-72325/apps/admin/src/components"
2025-07-23T22:39:39.989399Z  INFO scan_sources: tailwindcss_oxide::scanner: Discovering "/Users/mhaniff/affiliate-template-72325/apps/admin/src/components/ProtectedRoute.tsx"
2025-07-23T22:39:39.989413Z  INFO scan_sources: tailwindcss_oxide::scanner: Discovering "/Users/mhaniff/affiliate-template-72325/apps/admin/src/components/cms"
2025-07-23T22:39:39.989428Z  INFO scan_sources: tailwindcss_oxide::scanner: Discovering "/Users/mhaniff/affiliate-template-72325/apps/admin/src/components/cms/CMSDashboard.tsx"
2025-07-23T22:39:39.989443Z  INFO scan_sources: tailwindcss_oxide::scanner: Discovering "/Users/mhaniff/affiliate-template-72325/apps/admin/src/components/ai"
2025-07-23T22:39:39.989459Z  INFO scan_sources: tailwindcss_oxide::scanner: Discovering "/Users/mhaniff/affiliate-template-72325/apps/admin/src/components/ai/ImageGenerator.tsx"
2025-07-23T22:39:39.989468Z  INFO scan_sources: tailwindcss_oxide::scanner: Discovering "/Users/mhaniff/affiliate-template-72325/apps/admin/src/components/ai/ContentGenerator.tsx"
2025-07-23T22:39:39.989477Z  INFO scan_sources: tailwindcss_oxide::scanner: Discovering "/Users/mhaniff/affiliate-template-72325/apps/admin/src/components/Providers.tsx"
2025-07-23T22:39:39.989491Z  INFO scan_sources: tailwindcss_oxide::scanner: Discovering "/Users/mhaniff/affiliate-template-72325/apps/admin/src/__tests__"
2025-07-23T22:39:39.989522Z  INFO scan_sources: tailwindcss_oxide::scanner: Discovering "/Users/mhaniff/affiliate-template-72325/apps/admin/src/__tests__/unit"
2025-07-23T22:39:39.989539Z  INFO scan_sources: tailwindcss_oxide::scanner: Discovering "/Users/mhaniff/affiliate-template-72325/apps/admin/src/__tests__/unit/db-utils.test.ts"
2025-07-23T22:39:39.989558Z  INFO scan_sources: tailwindcss_oxide::scanner: Discovering "/Users/mhaniff/affiliate-template-72325/apps/admin/src/__tests__/unit/components"
2025-07-23T22:39:39.989573Z  INFO scan_sources: tailwindcss_oxide::scanner: Discovering "/Users/mhaniff/affiliate-template-72325/apps/admin/src/__tests__/unit/components/ProtectedRoute.test.tsx"
2025-07-23T22:39:39.989593Z  INFO scan_sources: tailwindcss_oxide::scanner: Discovering "/Users/mhaniff/affiliate-template-72325/apps/admin/src/__tests__/integration"
2025-07-23T22:39:39.989615Z  INFO scan_sources: tailwindcss_oxide::scanner: Discovering "/Users/mhaniff/affiliate-template-72325/apps/admin/src/__tests__/integration/api.test.ts"
2025-07-23T22:39:39.989631Z  INFO scan_sources: tailwindcss_oxide::scanner: Discovering "/Users/mhaniff/affiliate-template-72325/apps/admin/src/__tests__/e2e"
2025-07-23T22:39:39.989650Z  INFO scan_sources: tailwindcss_oxide::scanner: Discovering "/Users/mhaniff/affiliate-template-72325/apps/admin/src/__tests__/e2e/auth.spec.ts"
2025-07-23T22:39:39.989665Z  INFO scan_sources: tailwindcss_oxide::scanner: Discovering "/Users/mhaniff/affiliate-template-72325/apps/admin/src/lib"
2025-07-23T22:39:39.989682Z  INFO scan_sources: tailwindcss_oxide::scanner: Discovering "/Users/mhaniff/affiliate-template-72325/apps/admin/src/lib/monitoring.ts"
2025-07-23T22:39:39.989691Z  INFO scan_sources: tailwindcss_oxide::scanner: Discovering "/Users/mhaniff/affiliate-template-72325/apps/admin/src/lib/auth.ts"
2025-07-23T22:39:39.989737Z  INFO scan_sources: tailwindcss_oxide::scanner: exit
2025-07-23T22:39:39.989741Z  INFO extract_candidates: tailwindcss_oxide::scanner: enter
2025-07-23T22:39:39.989744Z  INFO extract_candidates:read_all_files: tailwindcss_oxide::scanner: enter
2025-07-23T22:39:39.989746Z  INFO extract_candidates:read_all_files: tailwindcss_oxide::scanner: Reading 59 file(s)
2025-07-23T22:39:39.990169Z  INFO tailwindcss_oxide::scanner: Reading "/Users/mhaniff/affiliate-template-72325/apps/admin/jest.setup.js"
2025-07-23T22:39:39.990162Z  INFO tailwindcss_oxide::scanner: Reading "/Users/mhaniff/affiliate-template-72325/apps/admin/vercel.json"
2025-07-23T22:39:39.990192Z  INFO tailwindcss_oxide::scanner: Reading "/Users/mhaniff/affiliate-template-72325/apps/admin/next.config.ts"
2025-07-23T22:39:39.990285Z  INFO tailwindcss_oxide::scanner: Reading "/Users/mhaniff/affiliate-template-72325/apps/admin/src/app/api/cms/posts/[id]/route.ts"
2025-07-23T22:39:39.990364Z  INFO tailwindcss_oxide::scanner: Reading "/Users/mhaniff/affiliate-template-72325/apps/admin/src/app/cms/page.tsx"
2025-07-23T22:39:39.990400Z  INFO tailwindcss_oxide::scanner: Reading "/Users/mhaniff/affiliate-template-72325/apps/admin/src/app/layout.tsx"
2025-07-23T22:39:39.990410Z  INFO tailwindcss_oxide::scanner: Reading "/Users/mhaniff/affiliate-template-72325/apps/admin/src/app/newsletter/page.tsx"
2025-07-23T22:39:39.990419Z  INFO tailwindcss_oxide::scanner: Reading "/Users/mhaniff/affiliate-template-72325/apps/admin/src/__tests__/integration/api.test.ts"
2025-07-23T22:39:39.990424Z  INFO tailwindcss_oxide::scanner: Reading "/Users/mhaniff/affiliate-template-72325/apps/admin/src/app/api/products/manual-amazon/route.ts.disabled"
2025-07-23T22:39:39.990457Z  INFO tailwindcss_oxide::scanner: Reading "/Users/mhaniff/affiliate-template-72325/apps/admin/src/app/auth/signin/page.tsx"
2025-07-23T22:39:39.990466Z  INFO tailwindcss_oxide::scanner: Reading "/Users/mhaniff/affiliate-template-72325/apps/admin/public/globe.svg"
2025-07-23T22:39:39.990479Z  INFO tailwindcss_oxide::scanner: Reading "/Users/mhaniff/affiliate-template-72325/apps/admin/src/app/api/products/route.ts"
2025-07-23T22:39:39.990511Z  INFO tailwindcss_oxide::scanner: Reading "/Users/mhaniff/affiliate-template-72325/apps/admin/src/app/api/ai/test-connection/route.ts.disabled"
2025-07-23T22:39:39.990576Z  INFO tailwindcss_oxide::scanner: Reading "/Users/mhaniff/affiliate-template-72325/apps/admin/playwright.config.ts"
2025-07-23T22:39:39.990589Z  INFO tailwindcss_oxide::scanner: Reading "/Users/mhaniff/affiliate-template-72325/apps/admin/src/app/ai/page.tsx"
2025-07-23T22:39:39.990485Z  INFO tailwindcss_oxide::scanner: Reading "/Users/mhaniff/affiliate-template-72325/apps/admin/tsconfig.json"
2025-07-23T22:39:39.990621Z  INFO tailwindcss_oxide::scanner: Reading "/Users/mhaniff/affiliate-template-72325/apps/admin/src/components/Providers.tsx"
2025-07-23T22:39:39.990502Z  INFO tailwindcss_oxide::scanner: Reading "/Users/mhaniff/affiliate-template-72325/apps/admin/src/app/sites/page.tsx"
2025-07-23T22:39:39.990649Z  INFO tailwindcss_oxide::scanner: Reading "/Users/mhaniff/affiliate-template-72325/apps/admin/src/app/api/affiliate/search/route.ts"
2025-07-23T22:39:39.990529Z  INFO tailwindcss_oxide::scanner: Reading "/Users/mhaniff/affiliate-template-72325/apps/admin/postcss.config.mjs"
2025-07-23T22:39:39.990531Z  INFO tailwindcss_oxide::scanner: Reading "/Users/mhaniff/affiliate-template-72325/apps/admin/eslint.config.mjs"
2025-07-23T22:39:39.990696Z  INFO tailwindcss_oxide::scanner: Reading "/Users/mhaniff/affiliate-template-72325/apps/admin/src/components/cms/CMSDashboard.tsx"
2025-07-23T22:39:39.990530Z  INFO tailwindcss_oxide::scanner: Reading "/Users/mhaniff/affiliate-template-72325/apps/admin/src/app/api/affiliate/route.ts"
2025-07-23T22:39:39.990535Z  INFO tailwindcss_oxide::scanner: Reading "/Users/mhaniff/affiliate-template-72325/apps/admin/public/file.svg"
2025-07-23T22:39:39.990535Z  INFO tailwindcss_oxide::scanner: Reading "/Users/mhaniff/affiliate-template-72325/apps/admin/src/components/ai/ContentGenerator.tsx"
2025-07-23T22:39:39.990766Z  INFO tailwindcss_oxide::scanner: Reading "/Users/mhaniff/affiliate-template-72325/apps/admin/src/app/analytics/page.tsx"
2025-07-23T22:39:39.990460Z  INFO tailwindcss_oxide::scanner: Reading "/Users/mhaniff/affiliate-template-72325/apps/admin/src/__tests__/unit/db-utils.test.ts"
2025-07-23T22:39:39.990782Z  INFO tailwindcss_oxide::scanner: Reading "/Users/mhaniff/affiliate-template-72325/apps/admin/src/__tests__/unit/components/ProtectedRoute.test.tsx"
2025-07-23T22:39:39.990541Z  INFO tailwindcss_oxide::scanner: Reading "/Users/mhaniff/affiliate-template-72325/apps/admin/jest.config.js"
2025-07-23T22:39:39.990796Z  INFO tailwindcss_oxide::scanner: Reading "/Users/mhaniff/affiliate-template-72325/apps/admin/src/app/api/health/db/route.ts"
2025-07-23T22:39:39.990565Z  INFO tailwindcss_oxide::scanner: Reading "/Users/mhaniff/affiliate-template-72325/apps/admin/public/window.svg"
2025-07-23T22:39:39.990811Z  INFO tailwindcss_oxide::scanner: Reading "/Users/mhaniff/affiliate-template-72325/apps/admin/src/app/api/cms/posts/[id]/approve/route.ts"
2025-07-23T22:39:39.990816Z  INFO tailwindcss_oxide::scanner: Reading "/Users/mhaniff/affiliate-template-72325/apps/admin/src/app/api/sites/route.ts"
2025-07-23T22:39:39.990566Z  INFO tailwindcss_oxide::scanner: Reading "/Users/mhaniff/affiliate-template-72325/apps/admin/public/vercel.svg"
2025-07-23T22:39:39.990828Z  INFO tailwindcss_oxide::scanner: Reading "/Users/mhaniff/affiliate-template-72325/apps/admin/src/app/api/cms/posts/route.ts"
2025-07-23T22:39:39.990581Z  INFO tailwindcss_oxide::scanner: Reading "/Users/mhaniff/affiliate-template-72325/apps/admin/src/app/dashboard/page.tsx"
2025-07-23T22:39:39.990574Z  INFO tailwindcss_oxide::scanner: Reading "/Users/mhaniff/affiliate-template-72325/apps/admin/src/app/api/ai/generate-image/route.ts.disabled"
2025-07-23T22:39:39.990573Z  INFO tailwindcss_oxide::scanner: Reading "/Users/mhaniff/affiliate-template-72325/apps/admin/src/app/api/analytics/route.ts"
2025-07-23T22:39:39.990475Z  INFO tailwindcss_oxide::scanner: Reading "/Users/mhaniff/affiliate-template-72325/apps/admin/src/app/api/cms/route.ts"
2025-07-23T22:39:39.990478Z  INFO tailwindcss_oxide::scanner: Reading "/Users/mhaniff/affiliate-template-72325/apps/admin/src/app/api/health/route.ts"
2025-07-23T22:39:39.990611Z  INFO tailwindcss_oxide::scanner: Reading "/Users/mhaniff/affiliate-template-72325/apps/admin/README.md"
2025-07-23T22:39:39.990621Z  INFO tailwindcss_oxide::scanner: Reading "/Users/mhaniff/affiliate-template-72325/apps/admin/src/app/api/ai/generate-content/route.ts.disabled"
2025-07-23T22:39:39.990495Z  INFO tailwindcss_oxide::scanner: Reading "/Users/mhaniff/affiliate-template-72325/apps/admin/src/app/api/products/test-amazon/route.ts.disabled"
2025-07-23T22:39:39.990639Z  INFO tailwindcss_oxide::scanner: Reading "/Users/mhaniff/affiliate-template-72325/apps/admin/src/lib/auth.ts"
2025-07-23T22:39:39.990524Z  INFO tailwindcss_oxide::scanner: Reading "/Users/mhaniff/affiliate-template-72325/apps/admin/src/app/products/manual-amazon/page.tsx"
2025-07-23T22:39:39.990671Z  INFO tailwindcss_oxide::scanner: Reading "/Users/mhaniff/affiliate-template-72325/apps/admin/src/app/social/page.tsx"
2025-07-23T22:39:39.990682Z  INFO tailwindcss_oxide::scanner: Reading "/Users/mhaniff/affiliate-template-72325/apps/admin/src/app/approval/page.tsx"
2025-07-23T22:39:39.990531Z  INFO tailwindcss_oxide::scanner: Reading "/Users/mhaniff/affiliate-template-72325/apps/admin/src/lib/monitoring.ts"
2025-07-23T22:39:39.990713Z  INFO tailwindcss_oxide::scanner: Reading "/Users/mhaniff/affiliate-template-72325/apps/admin/src/components/ProtectedRoute.tsx"
2025-07-23T22:39:39.990729Z  INFO tailwindcss_oxide::scanner: Reading "/Users/mhaniff/affiliate-template-72325/apps/admin/src/components/ai/ImageGenerator.tsx"
2025-07-23T22:39:39.990751Z  INFO tailwindcss_oxide::scanner: Reading "/Users/mhaniff/affiliate-template-72325/apps/admin/src/app/api/auth/[...nextauth]/route.ts"
2025-07-23T22:39:39.990458Z  INFO tailwindcss_oxide::scanner: Reading "/Users/mhaniff/affiliate-template-72325/apps/admin/package.json"
2025-07-23T22:39:39.990469Z  INFO tailwindcss_oxide::scanner: Reading "/Users/mhaniff/affiliate-template-72325/apps/admin/public/next.svg"
2025-07-23T22:39:39.990787Z  INFO tailwindcss_oxide::scanner: Reading "/Users/mhaniff/affiliate-template-72325/apps/admin/src/app/api/sites/[id]/route.ts"
2025-07-23T22:39:39.990564Z  INFO tailwindcss_oxide::scanner: Reading "/Users/mhaniff/affiliate-template-72325/apps/admin/src/__tests__/e2e/auth.spec.ts"
2025-07-23T22:39:39.990808Z  INFO tailwindcss_oxide::scanner: Reading "/Users/mhaniff/affiliate-template-72325/apps/admin/src/app/api/cms/posts/[id]/reject/route.ts"
2025-07-23T22:39:39.990566Z  INFO tailwindcss_oxide::scanner: Reading "/Users/mhaniff/affiliate-template-72325/apps/admin/src/app/generate/page.tsx"
2025-07-23T22:39:39.990566Z  INFO tailwindcss_oxide::scanner: Reading "/Users/mhaniff/affiliate-template-72325/apps/admin/src/app/products/page.tsx"
2025-07-23T22:39:39.990565Z  INFO tailwindcss_oxide::scanner: Reading "/Users/mhaniff/affiliate-template-72325/apps/admin/src/app/page.tsx"
2025-07-23T22:39:39.991638Z  INFO extract_candidates:read_all_files: tailwindcss_oxide::scanner: exit
2025-07-23T22:39:39.991659Z  INFO extract_candidates:parse_all_blobs: tailwindcss_oxide::scanner: enter
2025-07-23T22:39:39.991664Z  INFO extract_candidates:parse_all_blobs:extract: tailwindcss_oxide::scanner: enter
2025-07-23T22:39:39.992577Z  INFO extract_candidates:parse_all_blobs:extract: tailwindcss_oxide::scanner: exit
2025-07-23T22:39:39.992595Z  INFO extract_candidates:parse_all_blobs: tailwindcss_oxide::scanner: exit
2025-07-23T22:39:39.992599Z  INFO extract_candidates:read_all_files: tailwindcss_oxide::scanner: enter
2025-07-23T22:39:39.992602Z  INFO extract_candidates:read_all_files: tailwindcss_oxide::scanner: Reading 1 file(s)
2025-07-23T22:39:39.992651Z  INFO extract_candidates:read_all_files: tailwindcss_oxide::scanner: Reading "/Users/mhaniff/affiliate-template-72325/apps/admin/src/app/globals.css"
2025-07-23T22:39:39.992665Z  INFO extract_candidates:read_all_files: tailwindcss_oxide::scanner: exit
2025-07-23T22:39:39.992670Z  INFO extract_candidates:extract_css_variables: tailwindcss_oxide::scanner: enter
2025-07-23T22:39:39.992682Z  INFO extract_candidates:extract_css_variables:extract: tailwindcss_oxide::scanner: enter
2025-07-23T22:39:39.992847Z  INFO extract_candidates:extract_css_variables:extract: tailwindcss_oxide::scanner: exit
2025-07-23T22:39:39.992856Z  INFO extract_candidates:extract_css_variables: tailwindcss_oxide::scanner: exit
2025-07-23T22:39:39.994034Z  INFO extract_candidates: tailwindcss_oxide::scanner: exit
2025-07-23T22:39:39.994418Z  INFO get_files: tailwindcss_oxide::scanner: enter
2025-07-23T22:39:39.994425Z  INFO get_files:scan_sources: tailwindcss_oxide::scanner: enter
2025-07-23T22:39:39.995128Z  INFO get_files:scan_sources: tailwindcss_oxide::scanner: Discovering "/Users/mhaniff/affiliate-template-72325/apps/admin/public"
2025-07-23T22:39:39.995214Z  INFO get_files:scan_sources: tailwindcss_oxide::scanner: Discovering "/Users/mhaniff/affiliate-template-72325/apps/admin/src"
2025-07-23T22:39:39.995238Z  INFO get_files:scan_sources: tailwindcss_oxide::scanner: Discovering "/Users/mhaniff/affiliate-template-72325/apps/admin/src/app"
2025-07-23T22:39:39.995270Z  INFO get_files:scan_sources: tailwindcss_oxide::scanner: Discovering "/Users/mhaniff/affiliate-template-72325/apps/admin/src/app/products"
2025-07-23T22:39:39.995296Z  INFO get_files:scan_sources: tailwindcss_oxide::scanner: Discovering "/Users/mhaniff/affiliate-template-72325/apps/admin/src/app/products/manual-amazon"
2025-07-23T22:39:39.995332Z  INFO get_files:scan_sources: tailwindcss_oxide::scanner: Discovering "/Users/mhaniff/affiliate-template-72325/apps/admin/src/app/auth"
2025-07-23T22:39:39.995355Z  INFO get_files:scan_sources: tailwindcss_oxide::scanner: Discovering "/Users/mhaniff/affiliate-template-72325/apps/admin/src/app/auth/signin"
2025-07-23T22:39:39.995382Z  INFO get_files:scan_sources: tailwindcss_oxide::scanner: Discovering "/Users/mhaniff/affiliate-template-72325/apps/admin/src/app/dashboard"
2025-07-23T22:39:39.995411Z  INFO get_files:scan_sources: tailwindcss_oxide::scanner: Discovering "/Users/mhaniff/affiliate-template-72325/apps/admin/src/app/sites"
2025-07-23T22:39:39.995438Z  INFO get_files:scan_sources: tailwindcss_oxide::scanner: Discovering "/Users/mhaniff/affiliate-template-72325/apps/admin/src/app/social"
2025-07-23T22:39:39.995464Z  INFO get_files:scan_sources: tailwindcss_oxide::scanner: Discovering "/Users/mhaniff/affiliate-template-72325/apps/admin/src/app/cms"
2025-07-23T22:39:39.995491Z  INFO get_files:scan_sources: tailwindcss_oxide::scanner: Discovering "/Users/mhaniff/affiliate-template-72325/apps/admin/src/app/ai"
2025-07-23T22:39:39.995523Z  INFO get_files:scan_sources: tailwindcss_oxide::scanner: Discovering "/Users/mhaniff/affiliate-template-72325/apps/admin/src/app/generate"
2025-07-23T22:39:39.995552Z  INFO get_files:scan_sources: tailwindcss_oxide::scanner: Discovering "/Users/mhaniff/affiliate-template-72325/apps/admin/src/app/api"
2025-07-23T22:39:39.995578Z  INFO get_files:scan_sources: tailwindcss_oxide::scanner: Discovering "/Users/mhaniff/affiliate-template-72325/apps/admin/src/app/api/products"
2025-07-23T22:39:39.995601Z  INFO get_files:scan_sources: tailwindcss_oxide::scanner: Discovering "/Users/mhaniff/affiliate-template-72325/apps/admin/src/app/api/products/manual-amazon"
2025-07-23T22:39:39.995640Z  INFO get_files:scan_sources: tailwindcss_oxide::scanner: Discovering "/Users/mhaniff/affiliate-template-72325/apps/admin/src/app/api/products/test-amazon"
2025-07-23T22:39:39.995668Z  INFO get_files:scan_sources: tailwindcss_oxide::scanner: Discovering "/Users/mhaniff/affiliate-template-72325/apps/admin/src/app/api/auth"
2025-07-23T22:39:39.995689Z  INFO get_files:scan_sources: tailwindcss_oxide::scanner: Discovering "/Users/mhaniff/affiliate-template-72325/apps/admin/src/app/api/auth/[...nextauth]"
2025-07-23T22:39:39.995740Z  INFO get_files:scan_sources: tailwindcss_oxide::scanner: Discovering "/Users/mhaniff/affiliate-template-72325/apps/admin/src/app/api/health"
2025-07-23T22:39:39.995775Z  INFO get_files:scan_sources: tailwindcss_oxide::scanner: Discovering "/Users/mhaniff/affiliate-template-72325/apps/admin/src/app/api/health/db"
2025-07-23T22:39:39.995818Z  INFO get_files:scan_sources: tailwindcss_oxide::scanner: Discovering "/Users/mhaniff/affiliate-template-72325/apps/admin/src/app/api/sites"
2025-07-23T22:39:39.995848Z  INFO get_files:scan_sources: tailwindcss_oxide::scanner: Discovering "/Users/mhaniff/affiliate-template-72325/apps/admin/src/app/api/sites/[id]"
2025-07-23T22:39:39.995879Z  INFO get_files:scan_sources: tailwindcss_oxide::scanner: Discovering "/Users/mhaniff/affiliate-template-72325/apps/admin/src/app/api/cms"
2025-07-23T22:39:39.995905Z  INFO get_files:scan_sources: tailwindcss_oxide::scanner: Discovering "/Users/mhaniff/affiliate-template-72325/apps/admin/src/app/api/cms/posts"
2025-07-23T22:39:39.995934Z  INFO get_files:scan_sources: tailwindcss_oxide::scanner: Discovering "/Users/mhaniff/affiliate-template-72325/apps/admin/src/app/api/cms/posts/[id]"
2025-07-23T22:39:39.995957Z  INFO get_files:scan_sources: tailwindcss_oxide::scanner: Discovering "/Users/mhaniff/affiliate-template-72325/apps/admin/src/app/api/cms/posts/[id]/reject"
2025-07-23T22:39:39.995986Z  INFO get_files:scan_sources: tailwindcss_oxide::scanner: Discovering "/Users/mhaniff/affiliate-template-72325/apps/admin/src/app/api/cms/posts/[id]/approve"
2025-07-23T22:39:39.996027Z  INFO get_files:scan_sources: tailwindcss_oxide::scanner: Discovering "/Users/mhaniff/affiliate-template-72325/apps/admin/src/app/api/ai"
2025-07-23T22:39:39.996060Z  INFO get_files:scan_sources: tailwindcss_oxide::scanner: Discovering "/Users/mhaniff/affiliate-template-72325/apps/admin/src/app/api/ai/test-connection"
2025-07-23T22:39:39.996090Z  INFO get_files:scan_sources: tailwindcss_oxide::scanner: Discovering "/Users/mhaniff/affiliate-template-72325/apps/admin/src/app/api/ai/generate-content"
2025-07-23T22:39:39.996116Z  INFO get_files:scan_sources: tailwindcss_oxide::scanner: Discovering "/Users/mhaniff/affiliate-template-72325/apps/admin/src/app/api/ai/generate-image"
2025-07-23T22:39:39.996143Z  INFO get_files:scan_sources: tailwindcss_oxide::scanner: Discovering "/Users/mhaniff/affiliate-template-72325/apps/admin/src/app/api/affiliate"
2025-07-23T22:39:39.996166Z  INFO get_files:scan_sources: tailwindcss_oxide::scanner: Discovering "/Users/mhaniff/affiliate-template-72325/apps/admin/src/app/api/affiliate/search"
2025-07-23T22:39:39.996199Z  INFO get_files:scan_sources: tailwindcss_oxide::scanner: Discovering "/Users/mhaniff/affiliate-template-72325/apps/admin/src/app/api/analytics"
2025-07-23T22:39:39.996230Z  INFO get_files:scan_sources: tailwindcss_oxide::scanner: Discovering "/Users/mhaniff/affiliate-template-72325/apps/admin/src/app/newsletter"
2025-07-23T22:39:39.996268Z  INFO get_files:scan_sources: tailwindcss_oxide::scanner: Discovering "/Users/mhaniff/affiliate-template-72325/apps/admin/src/app/analytics"
2025-07-23T22:39:39.996294Z  INFO get_files:scan_sources: tailwindcss_oxide::scanner: Discovering "/Users/mhaniff/affiliate-template-72325/apps/admin/src/app/approval"
2025-07-23T22:39:39.996320Z  INFO get_files:scan_sources: tailwindcss_oxide::scanner: Discovering "/Users/mhaniff/affiliate-template-72325/apps/admin/src/components"
2025-07-23T22:39:39.996349Z  INFO get_files:scan_sources: tailwindcss_oxide::scanner: Discovering "/Users/mhaniff/affiliate-template-72325/apps/admin/src/components/cms"
2025-07-23T22:39:39.996375Z  INFO get_files:scan_sources: tailwindcss_oxide::scanner: Discovering "/Users/mhaniff/affiliate-template-72325/apps/admin/src/components/ai"
2025-07-23T22:39:39.996414Z  INFO get_files:scan_sources: tailwindcss_oxide::scanner: Discovering "/Users/mhaniff/affiliate-template-72325/apps/admin/src/__tests__"
2025-07-23T22:39:39.996436Z  INFO get_files:scan_sources: tailwindcss_oxide::scanner: Discovering "/Users/mhaniff/affiliate-template-72325/apps/admin/src/__tests__/unit"
2025-07-23T22:39:39.996462Z  INFO get_files:scan_sources: tailwindcss_oxide::scanner: Discovering "/Users/mhaniff/affiliate-template-72325/apps/admin/src/__tests__/unit/components"
2025-07-23T22:39:39.996496Z  INFO get_files:scan_sources: tailwindcss_oxide::scanner: Discovering "/Users/mhaniff/affiliate-template-72325/apps/admin/src/__tests__/integration"
2025-07-23T22:39:39.996525Z  INFO get_files:scan_sources: tailwindcss_oxide::scanner: Discovering "/Users/mhaniff/affiliate-template-72325/apps/admin/src/__tests__/e2e"
2025-07-23T22:39:39.996553Z  INFO get_files:scan_sources: tailwindcss_oxide::scanner: Discovering "/Users/mhaniff/affiliate-template-72325/apps/admin/src/lib"
2025-07-23T22:39:39.996615Z  INFO get_files:scan_sources: tailwindcss_oxide::scanner: exit
2025-07-23T22:39:39.997196Z  INFO get_files: tailwindcss_oxide::scanner: exit
2025-07-23T22:39:39.997333Z  INFO get_globs: tailwindcss_oxide::scanner: enter
2025-07-23T22:39:39.997340Z  INFO get_globs:scan_sources: tailwindcss_oxide::scanner: enter
2025-07-23T22:39:39.998029Z  INFO get_globs:scan_sources: tailwindcss_oxide::scanner: Discovering "/Users/mhaniff/affiliate-template-72325/apps/admin/public"
2025-07-23T22:39:39.998101Z  INFO get_globs:scan_sources: tailwindcss_oxide::scanner: Discovering "/Users/mhaniff/affiliate-template-72325/apps/admin/src"
2025-07-23T22:39:39.998121Z  INFO get_globs:scan_sources: tailwindcss_oxide::scanner: Discovering "/Users/mhaniff/affiliate-template-72325/apps/admin/src/app"
2025-07-23T22:39:39.998147Z  INFO get_globs:scan_sources: tailwindcss_oxide::scanner: Discovering "/Users/mhaniff/affiliate-template-72325/apps/admin/src/app/products"
2025-07-23T22:39:39.998171Z  INFO get_globs:scan_sources: tailwindcss_oxide::scanner: Discovering "/Users/mhaniff/affiliate-template-72325/apps/admin/src/app/products/manual-amazon"
2025-07-23T22:39:39.998204Z  INFO get_globs:scan_sources: tailwindcss_oxide::scanner: Discovering "/Users/mhaniff/affiliate-template-72325/apps/admin/src/app/auth"
2025-07-23T22:39:39.998225Z  INFO get_globs:scan_sources: tailwindcss_oxide::scanner: Discovering "/Users/mhaniff/affiliate-template-72325/apps/admin/src/app/auth/signin"
2025-07-23T22:39:39.998250Z  INFO get_globs:scan_sources: tailwindcss_oxide::scanner: Discovering "/Users/mhaniff/affiliate-template-72325/apps/admin/src/app/dashboard"
2025-07-23T22:39:39.998273Z  INFO get_globs:scan_sources: tailwindcss_oxide::scanner: Discovering "/Users/mhaniff/affiliate-template-72325/apps/admin/src/app/sites"
2025-07-23T22:39:39.998300Z  INFO get_globs:scan_sources: tailwindcss_oxide::scanner: Discovering "/Users/mhaniff/affiliate-template-72325/apps/admin/src/app/social"
2025-07-23T22:39:39.998335Z  INFO get_globs:scan_sources: tailwindcss_oxide::scanner: Discovering "/Users/mhaniff/affiliate-template-72325/apps/admin/src/app/cms"
2025-07-23T22:39:39.998365Z  INFO get_globs:scan_sources: tailwindcss_oxide::scanner: Discovering "/Users/mhaniff/affiliate-template-72325/apps/admin/src/app/ai"
2025-07-23T22:39:39.998394Z  INFO get_globs:scan_sources: tailwindcss_oxide::scanner: Discovering "/Users/mhaniff/affiliate-template-72325/apps/admin/src/app/generate"
2025-07-23T22:39:39.998422Z  INFO get_globs:scan_sources: tailwindcss_oxide::scanner: Discovering "/Users/mhaniff/affiliate-template-72325/apps/admin/src/app/api"
2025-07-23T22:39:39.998445Z  INFO get_globs:scan_sources: tailwindcss_oxide::scanner: Discovering "/Users/mhaniff/affiliate-template-72325/apps/admin/src/app/api/products"
2025-07-23T22:39:39.998468Z  INFO get_globs:scan_sources: tailwindcss_oxide::scanner: Discovering "/Users/mhaniff/affiliate-template-72325/apps/admin/src/app/api/products/manual-amazon"
2025-07-23T22:39:39.998500Z  INFO get_globs:scan_sources: tailwindcss_oxide::scanner: Discovering "/Users/mhaniff/affiliate-template-72325/apps/admin/src/app/api/products/test-amazon"
2025-07-23T22:39:39.998526Z  INFO get_globs:scan_sources: tailwindcss_oxide::scanner: Discovering "/Users/mhaniff/affiliate-template-72325/apps/admin/src/app/api/auth"
2025-07-23T22:39:39.998544Z  INFO get_globs:scan_sources: tailwindcss_oxide::scanner: Discovering "/Users/mhaniff/affiliate-template-72325/apps/admin/src/app/api/auth/[...nextauth]"
2025-07-23T22:39:39.998574Z  INFO get_globs:scan_sources: tailwindcss_oxide::scanner: Discovering "/Users/mhaniff/affiliate-template-72325/apps/admin/src/app/api/health"
2025-07-23T22:39:39.998598Z  INFO get_globs:scan_sources: tailwindcss_oxide::scanner: Discovering "/Users/mhaniff/affiliate-template-72325/apps/admin/src/app/api/health/db"
2025-07-23T22:39:39.998622Z  INFO get_globs:scan_sources: tailwindcss_oxide::scanner: Discovering "/Users/mhaniff/affiliate-template-72325/apps/admin/src/app/api/sites"
2025-07-23T22:39:39.998644Z  INFO get_globs:scan_sources: tailwindcss_oxide::scanner: Discovering "/Users/mhaniff/affiliate-template-72325/apps/admin/src/app/api/sites/[id]"
2025-07-23T22:39:39.998672Z  INFO get_globs:scan_sources: tailwindcss_oxide::scanner: Discovering "/Users/mhaniff/affiliate-template-72325/apps/admin/src/app/api/cms"
2025-07-23T22:39:39.998705Z  INFO get_globs:scan_sources: tailwindcss_oxide::scanner: Discovering "/Users/mhaniff/affiliate-template-72325/apps/admin/src/app/api/cms/posts"
2025-07-23T22:39:39.998737Z  INFO get_globs:scan_sources: tailwindcss_oxide::scanner: Discovering "/Users/mhaniff/affiliate-template-72325/apps/admin/src/app/api/cms/posts/[id]"
2025-07-23T22:39:39.998765Z  INFO get_globs:scan_sources: tailwindcss_oxide::scanner: Discovering "/Users/mhaniff/affiliate-template-72325/apps/admin/src/app/api/cms/posts/[id]/reject"
2025-07-23T22:39:39.998796Z  INFO get_globs:scan_sources: tailwindcss_oxide::scanner: Discovering "/Users/mhaniff/affiliate-template-72325/apps/admin/src/app/api/cms/posts/[id]/approve"
2025-07-23T22:39:39.998841Z  INFO get_globs:scan_sources: tailwindcss_oxide::scanner: Discovering "/Users/mhaniff/affiliate-template-72325/apps/admin/src/app/api/ai"
2025-07-23T22:39:39.998861Z  INFO get_globs:scan_sources: tailwindcss_oxide::scanner: Discovering "/Users/mhaniff/affiliate-template-72325/apps/admin/src/app/api/ai/test-connection"
2025-07-23T22:39:39.998884Z  INFO get_globs:scan_sources: tailwindcss_oxide::scanner: Discovering "/Users/mhaniff/affiliate-template-72325/apps/admin/src/app/api/ai/generate-content"
2025-07-23T22:39:39.998906Z  INFO get_globs:scan_sources: tailwindcss_oxide::scanner: Discovering "/Users/mhaniff/affiliate-template-72325/apps/admin/src/app/api/ai/generate-image"
2025-07-23T22:39:39.998930Z  INFO get_globs:scan_sources: tailwindcss_oxide::scanner: Discovering "/Users/mhaniff/affiliate-template-72325/apps/admin/src/app/api/affiliate"
2025-07-23T22:39:39.998949Z  INFO get_globs:scan_sources: tailwindcss_oxide::scanner: Discovering "/Users/mhaniff/affiliate-template-72325/apps/admin/src/app/api/affiliate/search"
2025-07-23T22:39:39.998976Z  INFO get_globs:scan_sources: tailwindcss_oxide::scanner: Discovering "/Users/mhaniff/affiliate-template-72325/apps/admin/src/app/api/analytics"
2025-07-23T22:39:39.999000Z  INFO get_globs:scan_sources: tailwindcss_oxide::scanner: Discovering "/Users/mhaniff/affiliate-template-72325/apps/admin/src/app/newsletter"
2025-07-23T22:39:39.999034Z  INFO get_globs:scan_sources: tailwindcss_oxide::scanner: Discovering "/Users/mhaniff/affiliate-template-72325/apps/admin/src/app/analytics"
2025-07-23T22:39:39.999060Z  INFO get_globs:scan_sources: tailwindcss_oxide::scanner: Discovering "/Users/mhaniff/affiliate-template-72325/apps/admin/src/app/approval"
2025-07-23T22:39:39.999089Z  INFO get_globs:scan_sources: tailwindcss_oxide::scanner: Discovering "/Users/mhaniff/affiliate-template-72325/apps/admin/src/components"
2025-07-23T22:39:39.999120Z  INFO get_globs:scan_sources: tailwindcss_oxide::scanner: Discovering "/Users/mhaniff/affiliate-template-72325/apps/admin/src/components/cms"
2025-07-23T22:39:39.999151Z  INFO get_globs:scan_sources: tailwindcss_oxide::scanner: Discovering "/Users/mhaniff/affiliate-template-72325/apps/admin/src/components/ai"
2025-07-23T22:39:39.999196Z  INFO get_globs:scan_sources: tailwindcss_oxide::scanner: Discovering "/Users/mhaniff/affiliate-template-72325/apps/admin/src/__tests__"
2025-07-23T22:39:39.999231Z  INFO get_globs:scan_sources: tailwindcss_oxide::scanner: Discovering "/Users/mhaniff/affiliate-template-72325/apps/admin/src/__tests__/unit"
2025-07-23T22:39:39.999269Z  INFO get_globs:scan_sources: tailwindcss_oxide::scanner: Discovering "/Users/mhaniff/affiliate-template-72325/apps/admin/src/__tests__/unit/components"
2025-07-23T22:39:39.999300Z  INFO get_globs:scan_sources: tailwindcss_oxide::scanner: Discovering "/Users/mhaniff/affiliate-template-72325/apps/admin/src/__tests__/integration"
2025-07-23T22:39:39.999330Z  INFO get_globs:scan_sources: tailwindcss_oxide::scanner: Discovering "/Users/mhaniff/affiliate-template-72325/apps/admin/src/__tests__/e2e"
2025-07-23T22:39:39.999359Z  INFO get_globs:scan_sources: tailwindcss_oxide::scanner: Discovering "/Users/mhaniff/affiliate-template-72325/apps/admin/src/lib"
2025-07-23T22:39:39.999418Z  INFO get_globs:scan_sources: tailwindcss_oxide::scanner: exit
2025-07-23T22:39:40.000220Z  INFO get_globs: tailwindcss_oxide::scanner: exit
