2025-07-23T23:04:07.755358Z  INFO tailwindcss_oxide::scanner: Provided sources:
2025-07-23T23:04:07.755411Z  INFO tailwindcss_oxide::scanner: Source: PublicSourceEntry { base: "/Users/mhaniff/affiliate-template-72325/apps/admin", pattern: "**/*", negated: false }
2025-07-23T23:04:07.755448Z  INFO tailwindcss_oxide::scanner: Optimized sources:
2025-07-23T23:04:07.755454Z  INFO tailwindcss_oxide::scanner: Source: Auto { base: "/Users/mhaniff/affiliate-template-72325/apps/admin" }
2025-07-23T23:04:07.756043Z  INFO scan_sources: tailwindcss_oxide::scanner: enter
2025-07-23T23:04:07.756511Z  INFO scan_sources: tailwindcss_oxide::scanner: Discovering "/Users/mhaniff/affiliate-template-72325/apps/admin/vercel.json"
2025-07-23T23:04:07.756528Z  INFO scan_sources: tailwindcss_oxide::scanner: Discovering "/Users/mhaniff/affiliate-template-72325/apps/admin/jest.setup.js"
2025-07-23T23:04:07.756546Z  INFO scan_sources: tailwindcss_oxide::scanner: Discovering "/Users/mhaniff/affiliate-template-72325/apps/admin/postcss.config.mjs"
2025-07-23T23:04:07.756556Z  INFO scan_sources: tailwindcss_oxide::scanner: Discovering "/Users/mhaniff/affiliate-template-72325/apps/admin/jest.config.js"
2025-07-23T23:04:07.756616Z  INFO scan_sources: tailwindcss_oxide::scanner: Discovering "/Users/mhaniff/affiliate-template-72325/apps/admin/README.md"
2025-07-23T23:04:07.756648Z  INFO scan_sources: tailwindcss_oxide::scanner: Discovering "/Users/mhaniff/affiliate-template-72325/apps/admin/public"
2025-07-23T23:04:07.756671Z  INFO scan_sources: tailwindcss_oxide::scanner: Discovering "/Users/mhaniff/affiliate-template-72325/apps/admin/public/file.svg"
2025-07-23T23:04:07.756680Z  INFO scan_sources: tailwindcss_oxide::scanner: Discovering "/Users/mhaniff/affiliate-template-72325/apps/admin/public/vercel.svg"
2025-07-23T23:04:07.756690Z  INFO scan_sources: tailwindcss_oxide::scanner: Discovering "/Users/mhaniff/affiliate-template-72325/apps/admin/public/next.svg"
2025-07-23T23:04:07.756699Z  INFO scan_sources: tailwindcss_oxide::scanner: Discovering "/Users/mhaniff/affiliate-template-72325/apps/admin/public/globe.svg"
2025-07-23T23:04:07.756709Z  INFO scan_sources: tailwindcss_oxide::scanner: Discovering "/Users/mhaniff/affiliate-template-72325/apps/admin/public/window.svg"
2025-07-23T23:04:07.756724Z  INFO scan_sources: tailwindcss_oxide::scanner: Discovering "/Users/mhaniff/affiliate-template-72325/apps/admin/package.json"
2025-07-23T23:04:07.756733Z  INFO scan_sources: tailwindcss_oxide::scanner: Discovering "/Users/mhaniff/affiliate-template-72325/apps/admin/tsconfig.json"
2025-07-23T23:04:07.756742Z  INFO scan_sources: tailwindcss_oxide::scanner: Discovering "/Users/mhaniff/affiliate-template-72325/apps/admin/playwright.config.ts"
2025-07-23T23:04:07.756751Z  INFO scan_sources: tailwindcss_oxide::scanner: Discovering "/Users/mhaniff/affiliate-template-72325/apps/admin/eslint.config.mjs"
2025-07-23T23:04:07.756762Z  INFO scan_sources: tailwindcss_oxide::scanner: Discovering "/Users/mhaniff/affiliate-template-72325/apps/admin/next.config.ts"
2025-07-23T23:04:07.756776Z  INFO scan_sources: tailwindcss_oxide::scanner: Discovering "/Users/mhaniff/affiliate-template-72325/apps/admin/src"
2025-07-23T23:04:07.756802Z  INFO scan_sources: tailwindcss_oxide::scanner: Discovering "/Users/mhaniff/affiliate-template-72325/apps/admin/src/app"
2025-07-23T23:04:07.756835Z  INFO scan_sources: tailwindcss_oxide::scanner: Discovering "/Users/mhaniff/affiliate-template-72325/apps/admin/src/app/products"
2025-07-23T23:04:07.756862Z  INFO scan_sources: tailwindcss_oxide::scanner: Discovering "/Users/mhaniff/affiliate-template-72325/apps/admin/src/app/products/manual-amazon"
2025-07-23T23:04:07.756883Z  INFO scan_sources: tailwindcss_oxide::scanner: Discovering "/Users/mhaniff/affiliate-template-72325/apps/admin/src/app/products/manual-amazon/page.tsx"
2025-07-23T23:04:07.756893Z  INFO scan_sources: tailwindcss_oxide::scanner: Discovering "/Users/mhaniff/affiliate-template-72325/apps/admin/src/app/products/page.tsx"
2025-07-23T23:04:07.756910Z  INFO scan_sources: tailwindcss_oxide::scanner: Discovering "/Users/mhaniff/affiliate-template-72325/apps/admin/src/app/auth"
2025-07-23T23:04:07.756943Z  INFO scan_sources: tailwindcss_oxide::scanner: Discovering "/Users/mhaniff/affiliate-template-72325/apps/admin/src/app/auth/signin"
2025-07-23T23:04:07.756959Z  INFO scan_sources: tailwindcss_oxide::scanner: Discovering "/Users/mhaniff/affiliate-template-72325/apps/admin/src/app/auth/signin/page.tsx"
2025-07-23T23:04:07.756974Z  INFO scan_sources: tailwindcss_oxide::scanner: Discovering "/Users/mhaniff/affiliate-template-72325/apps/admin/src/app/dashboard"
2025-07-23T23:04:07.756989Z  INFO scan_sources: tailwindcss_oxide::scanner: Discovering "/Users/mhaniff/affiliate-template-72325/apps/admin/src/app/dashboard/page.tsx"
2025-07-23T23:04:07.757003Z  INFO scan_sources: tailwindcss_oxide::scanner: Discovering "/Users/mhaniff/affiliate-template-72325/apps/admin/src/app/sites"
2025-07-23T23:04:07.757018Z  INFO scan_sources: tailwindcss_oxide::scanner: Discovering "/Users/mhaniff/affiliate-template-72325/apps/admin/src/app/sites/page.tsx"
2025-07-23T23:04:07.757032Z  INFO scan_sources: tailwindcss_oxide::scanner: Discovering "/Users/mhaniff/affiliate-template-72325/apps/admin/src/app/social"
2025-07-23T23:04:07.757049Z  INFO scan_sources: tailwindcss_oxide::scanner: Discovering "/Users/mhaniff/affiliate-template-72325/apps/admin/src/app/social/page.tsx"
2025-07-23T23:04:07.757063Z  INFO scan_sources: tailwindcss_oxide::scanner: Discovering "/Users/mhaniff/affiliate-template-72325/apps/admin/src/app/cms"
2025-07-23T23:04:07.757079Z  INFO scan_sources: tailwindcss_oxide::scanner: Discovering "/Users/mhaniff/affiliate-template-72325/apps/admin/src/app/cms/page.tsx"
2025-07-23T23:04:07.757092Z  INFO scan_sources: tailwindcss_oxide::scanner: Discovering "/Users/mhaniff/affiliate-template-72325/apps/admin/src/app/ai"
2025-07-23T23:04:07.757107Z  INFO scan_sources: tailwindcss_oxide::scanner: Discovering "/Users/mhaniff/affiliate-template-72325/apps/admin/src/app/ai/page.tsx"
2025-07-23T23:04:07.757116Z  INFO scan_sources: tailwindcss_oxide::scanner: Discovering "/Users/mhaniff/affiliate-template-72325/apps/admin/src/app/layout.tsx"
2025-07-23T23:04:07.757129Z  INFO scan_sources: tailwindcss_oxide::scanner: Discovering "/Users/mhaniff/affiliate-template-72325/apps/admin/src/app/generate"
2025-07-23T23:04:07.757145Z  INFO scan_sources: tailwindcss_oxide::scanner: Discovering "/Users/mhaniff/affiliate-template-72325/apps/admin/src/app/generate/page.tsx"
2025-07-23T23:04:07.757159Z  INFO scan_sources: tailwindcss_oxide::scanner: Discovering "/Users/mhaniff/affiliate-template-72325/apps/admin/src/app/api"
2025-07-23T23:04:07.757182Z  INFO scan_sources: tailwindcss_oxide::scanner: Discovering "/Users/mhaniff/affiliate-template-72325/apps/admin/src/app/api/products"
2025-07-23T23:04:07.757204Z  INFO scan_sources: tailwindcss_oxide::scanner: Discovering "/Users/mhaniff/affiliate-template-72325/apps/admin/src/app/api/products/manual-amazon"
2025-07-23T23:04:07.757222Z  INFO scan_sources: tailwindcss_oxide::scanner: Discovering "/Users/mhaniff/affiliate-template-72325/apps/admin/src/app/api/products/manual-amazon/route.ts"
2025-07-23T23:04:07.757231Z  INFO scan_sources: tailwindcss_oxide::scanner: Discovering "/Users/mhaniff/affiliate-template-72325/apps/admin/src/app/api/products/route.ts"
2025-07-23T23:04:07.757244Z  INFO scan_sources: tailwindcss_oxide::scanner: Discovering "/Users/mhaniff/affiliate-template-72325/apps/admin/src/app/api/products/test-amazon"
2025-07-23T23:04:07.757262Z  INFO scan_sources: tailwindcss_oxide::scanner: Discovering "/Users/mhaniff/affiliate-template-72325/apps/admin/src/app/api/products/test-amazon/route.ts"
2025-07-23T23:04:07.757276Z  INFO scan_sources: tailwindcss_oxide::scanner: Discovering "/Users/mhaniff/affiliate-template-72325/apps/admin/src/app/api/auth"
2025-07-23T23:04:07.757296Z  INFO scan_sources: tailwindcss_oxide::scanner: Discovering "/Users/mhaniff/affiliate-template-72325/apps/admin/src/app/api/auth/[...nextauth]"
2025-07-23T23:04:07.757312Z  INFO scan_sources: tailwindcss_oxide::scanner: Discovering "/Users/mhaniff/affiliate-template-72325/apps/admin/src/app/api/auth/[...nextauth]/route.ts"
2025-07-23T23:04:07.757332Z  INFO scan_sources: tailwindcss_oxide::scanner: Discovering "/Users/mhaniff/affiliate-template-72325/apps/admin/src/app/api/health"
2025-07-23T23:04:07.757350Z  INFO scan_sources: tailwindcss_oxide::scanner: Discovering "/Users/mhaniff/affiliate-template-72325/apps/admin/src/app/api/health/route.ts"
2025-07-23T23:04:07.757363Z  INFO scan_sources: tailwindcss_oxide::scanner: Discovering "/Users/mhaniff/affiliate-template-72325/apps/admin/src/app/api/health/db"
2025-07-23T23:04:07.757380Z  INFO scan_sources: tailwindcss_oxide::scanner: Discovering "/Users/mhaniff/affiliate-template-72325/apps/admin/src/app/api/health/db/route.ts"
2025-07-23T23:04:07.757394Z  INFO scan_sources: tailwindcss_oxide::scanner: Discovering "/Users/mhaniff/affiliate-template-72325/apps/admin/src/app/api/sites"
2025-07-23T23:04:07.757409Z  INFO scan_sources: tailwindcss_oxide::scanner: Discovering "/Users/mhaniff/affiliate-template-72325/apps/admin/src/app/api/sites/route.ts"
2025-07-23T23:04:07.757429Z  INFO scan_sources: tailwindcss_oxide::scanner: Discovering "/Users/mhaniff/affiliate-template-72325/apps/admin/src/app/api/sites/[id]"
2025-07-23T23:04:07.757444Z  INFO scan_sources: tailwindcss_oxide::scanner: Discovering "/Users/mhaniff/affiliate-template-72325/apps/admin/src/app/api/sites/[id]/route.ts"
2025-07-23T23:04:07.757458Z  INFO scan_sources: tailwindcss_oxide::scanner: Discovering "/Users/mhaniff/affiliate-template-72325/apps/admin/src/app/api/cms"
2025-07-23T23:04:07.757481Z  INFO scan_sources: tailwindcss_oxide::scanner: Discovering "/Users/mhaniff/affiliate-template-72325/apps/admin/src/app/api/cms/posts"
2025-07-23T23:04:07.757498Z  INFO scan_sources: tailwindcss_oxide::scanner: Discovering "/Users/mhaniff/affiliate-template-72325/apps/admin/src/app/api/cms/posts/route.ts"
2025-07-23T23:04:07.757511Z  INFO scan_sources: tailwindcss_oxide::scanner: Discovering "/Users/mhaniff/affiliate-template-72325/apps/admin/src/app/api/cms/posts/[id]"
2025-07-23T23:04:07.757533Z  INFO scan_sources: tailwindcss_oxide::scanner: Discovering "/Users/mhaniff/affiliate-template-72325/apps/admin/src/app/api/cms/posts/[id]/reject"
2025-07-23T23:04:07.757548Z  INFO scan_sources: tailwindcss_oxide::scanner: Discovering "/Users/mhaniff/affiliate-template-72325/apps/admin/src/app/api/cms/posts/[id]/reject/route.ts"
2025-07-23T23:04:07.757563Z  INFO scan_sources: tailwindcss_oxide::scanner: Discovering "/Users/mhaniff/affiliate-template-72325/apps/admin/src/app/api/cms/posts/[id]/approve"
2025-07-23T23:04:07.757576Z  INFO scan_sources: tailwindcss_oxide::scanner: Discovering "/Users/mhaniff/affiliate-template-72325/apps/admin/src/app/api/cms/posts/[id]/approve/route.ts"
2025-07-23T23:04:07.757585Z  INFO scan_sources: tailwindcss_oxide::scanner: Discovering "/Users/mhaniff/affiliate-template-72325/apps/admin/src/app/api/cms/posts/[id]/route.ts"
2025-07-23T23:04:07.757594Z  INFO scan_sources: tailwindcss_oxide::scanner: Discovering "/Users/mhaniff/affiliate-template-72325/apps/admin/src/app/api/cms/route.ts"
2025-07-23T23:04:07.757607Z  INFO scan_sources: tailwindcss_oxide::scanner: Discovering "/Users/mhaniff/affiliate-template-72325/apps/admin/src/app/api/ai"
2025-07-23T23:04:07.757628Z  INFO scan_sources: tailwindcss_oxide::scanner: Discovering "/Users/mhaniff/affiliate-template-72325/apps/admin/src/app/api/ai/test-connection"
2025-07-23T23:04:07.757644Z  INFO scan_sources: tailwindcss_oxide::scanner: Discovering "/Users/mhaniff/affiliate-template-72325/apps/admin/src/app/api/ai/test-connection/route.ts"
2025-07-23T23:04:07.757659Z  INFO scan_sources: tailwindcss_oxide::scanner: Discovering "/Users/mhaniff/affiliate-template-72325/apps/admin/src/app/api/ai/generate-content"
2025-07-23T23:04:07.757673Z  INFO scan_sources: tailwindcss_oxide::scanner: Discovering "/Users/mhaniff/affiliate-template-72325/apps/admin/src/app/api/ai/generate-content/route.ts"
2025-07-23T23:04:07.757688Z  INFO scan_sources: tailwindcss_oxide::scanner: Discovering "/Users/mhaniff/affiliate-template-72325/apps/admin/src/app/api/ai/generate-image"
2025-07-23T23:04:07.757707Z  INFO scan_sources: tailwindcss_oxide::scanner: Discovering "/Users/mhaniff/affiliate-template-72325/apps/admin/src/app/api/ai/generate-image/route.ts"
2025-07-23T23:04:07.757721Z  INFO scan_sources: tailwindcss_oxide::scanner: Discovering "/Users/mhaniff/affiliate-template-72325/apps/admin/src/app/api/affiliate"
2025-07-23T23:04:07.757742Z  INFO scan_sources: tailwindcss_oxide::scanner: Discovering "/Users/mhaniff/affiliate-template-72325/apps/admin/src/app/api/affiliate/search"
2025-07-23T23:04:07.757757Z  INFO scan_sources: tailwindcss_oxide::scanner: Discovering "/Users/mhaniff/affiliate-template-72325/apps/admin/src/app/api/affiliate/search/route.ts"
2025-07-23T23:04:07.757765Z  INFO scan_sources: tailwindcss_oxide::scanner: Discovering "/Users/mhaniff/affiliate-template-72325/apps/admin/src/app/api/affiliate/route.ts"
2025-07-23T23:04:07.757779Z  INFO scan_sources: tailwindcss_oxide::scanner: Discovering "/Users/mhaniff/affiliate-template-72325/apps/admin/src/app/api/analytics"
2025-07-23T23:04:07.757794Z  INFO scan_sources: tailwindcss_oxide::scanner: Discovering "/Users/mhaniff/affiliate-template-72325/apps/admin/src/app/api/analytics/route.ts"
2025-07-23T23:04:07.757808Z  INFO scan_sources: tailwindcss_oxide::scanner: Discovering "/Users/mhaniff/affiliate-template-72325/apps/admin/src/app/newsletter"
2025-07-23T23:04:07.757826Z  INFO scan_sources: tailwindcss_oxide::scanner: Discovering "/Users/mhaniff/affiliate-template-72325/apps/admin/src/app/newsletter/page.tsx"
2025-07-23T23:04:07.757834Z  INFO scan_sources: tailwindcss_oxide::scanner: Discovering "/Users/mhaniff/affiliate-template-72325/apps/admin/src/app/page.tsx"
2025-07-23T23:04:07.757841Z  INFO scan_sources: tailwindcss_oxide::scanner: Discovering "/Users/mhaniff/affiliate-template-72325/apps/admin/src/app/globals.css"
2025-07-23T23:04:07.757854Z  INFO scan_sources: tailwindcss_oxide::scanner: Discovering "/Users/mhaniff/affiliate-template-72325/apps/admin/src/app/analytics"
2025-07-23T23:04:07.757869Z  INFO scan_sources: tailwindcss_oxide::scanner: Discovering "/Users/mhaniff/affiliate-template-72325/apps/admin/src/app/analytics/page.tsx"
2025-07-23T23:04:07.757883Z  INFO scan_sources: tailwindcss_oxide::scanner: Discovering "/Users/mhaniff/affiliate-template-72325/apps/admin/src/app/approval"
2025-07-23T23:04:07.757899Z  INFO scan_sources: tailwindcss_oxide::scanner: Discovering "/Users/mhaniff/affiliate-template-72325/apps/admin/src/app/approval/page.tsx"
2025-07-23T23:04:07.757918Z  INFO scan_sources: tailwindcss_oxide::scanner: Discovering "/Users/mhaniff/affiliate-template-72325/apps/admin/src/components"
2025-07-23T23:04:07.757938Z  INFO scan_sources: tailwindcss_oxide::scanner: Discovering "/Users/mhaniff/affiliate-template-72325/apps/admin/src/components/ProtectedRoute.tsx"
2025-07-23T23:04:07.757953Z  INFO scan_sources: tailwindcss_oxide::scanner: Discovering "/Users/mhaniff/affiliate-template-72325/apps/admin/src/components/cms"
2025-07-23T23:04:07.757969Z  INFO scan_sources: tailwindcss_oxide::scanner: Discovering "/Users/mhaniff/affiliate-template-72325/apps/admin/src/components/cms/CMSDashboard.tsx"
2025-07-23T23:04:07.757985Z  INFO scan_sources: tailwindcss_oxide::scanner: Discovering "/Users/mhaniff/affiliate-template-72325/apps/admin/src/components/ai"
2025-07-23T23:04:07.758004Z  INFO scan_sources: tailwindcss_oxide::scanner: Discovering "/Users/mhaniff/affiliate-template-72325/apps/admin/src/components/ai/ImageGenerator.tsx"
2025-07-23T23:04:07.758012Z  INFO scan_sources: tailwindcss_oxide::scanner: Discovering "/Users/mhaniff/affiliate-template-72325/apps/admin/src/components/ai/ContentGenerator.tsx"
2025-07-23T23:04:07.758020Z  INFO scan_sources: tailwindcss_oxide::scanner: Discovering "/Users/mhaniff/affiliate-template-72325/apps/admin/src/components/Providers.tsx"
2025-07-23T23:04:07.758035Z  INFO scan_sources: tailwindcss_oxide::scanner: Discovering "/Users/mhaniff/affiliate-template-72325/apps/admin/src/__tests__"
2025-07-23T23:04:07.758066Z  INFO scan_sources: tailwindcss_oxide::scanner: Discovering "/Users/mhaniff/affiliate-template-72325/apps/admin/src/__tests__/unit"
2025-07-23T23:04:07.758162Z  INFO scan_sources: tailwindcss_oxide::scanner: Discovering "/Users/mhaniff/affiliate-template-72325/apps/admin/src/__tests__/unit/db-utils.test.ts"
2025-07-23T23:04:07.758221Z  INFO scan_sources: tailwindcss_oxide::scanner: Discovering "/Users/mhaniff/affiliate-template-72325/apps/admin/src/__tests__/unit/components"
2025-07-23T23:04:07.758245Z  INFO scan_sources: tailwindcss_oxide::scanner: Discovering "/Users/mhaniff/affiliate-template-72325/apps/admin/src/__tests__/unit/components/ProtectedRoute.test.tsx"
2025-07-23T23:04:07.758273Z  INFO scan_sources: tailwindcss_oxide::scanner: Discovering "/Users/mhaniff/affiliate-template-72325/apps/admin/src/__tests__/integration"
2025-07-23T23:04:07.758302Z  INFO scan_sources: tailwindcss_oxide::scanner: Discovering "/Users/mhaniff/affiliate-template-72325/apps/admin/src/__tests__/integration/api.test.ts"
2025-07-23T23:04:07.758319Z  INFO scan_sources: tailwindcss_oxide::scanner: Discovering "/Users/mhaniff/affiliate-template-72325/apps/admin/src/__tests__/e2e"
2025-07-23T23:04:07.758336Z  INFO scan_sources: tailwindcss_oxide::scanner: Discovering "/Users/mhaniff/affiliate-template-72325/apps/admin/src/__tests__/e2e/auth.spec.ts"
2025-07-23T23:04:07.758354Z  INFO scan_sources: tailwindcss_oxide::scanner: Discovering "/Users/mhaniff/affiliate-template-72325/apps/admin/src/lib"
2025-07-23T23:04:07.758373Z  INFO scan_sources: tailwindcss_oxide::scanner: Discovering "/Users/mhaniff/affiliate-template-72325/apps/admin/src/lib/monitoring.ts"
2025-07-23T23:04:07.758380Z  INFO scan_sources: tailwindcss_oxide::scanner: Discovering "/Users/mhaniff/affiliate-template-72325/apps/admin/src/lib/auth.ts"
2025-07-23T23:04:07.758417Z  INFO scan_sources: tailwindcss_oxide::scanner: exit
2025-07-23T23:04:07.758422Z  INFO extract_candidates: tailwindcss_oxide::scanner: enter
2025-07-23T23:04:07.758424Z  INFO extract_candidates:read_all_files: tailwindcss_oxide::scanner: enter
2025-07-23T23:04:07.758426Z  INFO extract_candidates:read_all_files: tailwindcss_oxide::scanner: Reading 59 file(s)
2025-07-23T23:04:07.758863Z  INFO tailwindcss_oxide::scanner: Reading "/Users/mhaniff/affiliate-template-72325/apps/admin/src/app/api/health/route.ts"
2025-07-23T23:04:07.758909Z  INFO tailwindcss_oxide::scanner: Reading "/Users/mhaniff/affiliate-template-72325/apps/admin/jest.config.js"
2025-07-23T23:04:07.759092Z  INFO tailwindcss_oxide::scanner: Reading "/Users/mhaniff/affiliate-template-72325/apps/admin/next.config.ts"
2025-07-23T23:04:07.759093Z  INFO tailwindcss_oxide::scanner: Reading "/Users/mhaniff/affiliate-template-72325/apps/admin/public/next.svg"
2025-07-23T23:04:07.759143Z  INFO tailwindcss_oxide::scanner: Reading "/Users/mhaniff/affiliate-template-72325/apps/admin/tsconfig.json"
2025-07-23T23:04:07.759165Z  INFO tailwindcss_oxide::scanner: Reading "/Users/mhaniff/affiliate-template-72325/apps/admin/src/app/api/health/db/route.ts"
2025-07-23T23:04:07.759185Z  INFO tailwindcss_oxide::scanner: Reading "/Users/mhaniff/affiliate-template-72325/apps/admin/eslint.config.mjs"
2025-07-23T23:04:07.759200Z  INFO tailwindcss_oxide::scanner: Reading "/Users/mhaniff/affiliate-template-72325/apps/admin/src/app/newsletter/page.tsx"
2025-07-23T23:04:07.759216Z  INFO tailwindcss_oxide::scanner: Reading "/Users/mhaniff/affiliate-template-72325/apps/admin/public/file.svg"
2025-07-23T23:04:07.759266Z  INFO tailwindcss_oxide::scanner: Reading "/Users/mhaniff/affiliate-template-72325/apps/admin/src/app/api/cms/posts/[id]/route.ts"
2025-07-23T23:04:07.759308Z  INFO tailwindcss_oxide::scanner: Reading "/Users/mhaniff/affiliate-template-72325/apps/admin/README.md"
2025-07-23T23:04:07.759426Z  INFO tailwindcss_oxide::scanner: Reading "/Users/mhaniff/affiliate-template-72325/apps/admin/src/components/ai/ContentGenerator.tsx"
2025-07-23T23:04:07.759432Z  INFO tailwindcss_oxide::scanner: Reading "/Users/mhaniff/affiliate-template-72325/apps/admin/src/app/layout.tsx"
2025-07-23T23:04:07.759188Z  INFO tailwindcss_oxide::scanner: Reading "/Users/mhaniff/affiliate-template-72325/apps/admin/public/globe.svg"
2025-07-23T23:04:07.759534Z  INFO tailwindcss_oxide::scanner: Reading "/Users/mhaniff/affiliate-template-72325/apps/admin/src/app/api/affiliate/route.ts"
2025-07-23T23:04:07.759566Z  INFO tailwindcss_oxide::scanner: Reading "/Users/mhaniff/affiliate-template-72325/apps/admin/src/app/api/products/manual-amazon/route.ts"
2025-07-23T23:04:07.759191Z  INFO tailwindcss_oxide::scanner: Reading "/Users/mhaniff/affiliate-template-72325/apps/admin/jest.setup.js"
2025-07-23T23:04:07.759602Z  INFO tailwindcss_oxide::scanner: Reading "/Users/mhaniff/affiliate-template-72325/apps/admin/src/app/cms/page.tsx"
2025-07-23T23:04:07.759605Z  INFO tailwindcss_oxide::scanner: Reading "/Users/mhaniff/affiliate-template-72325/apps/admin/src/app/page.tsx"
2025-07-23T23:04:07.759631Z  INFO tailwindcss_oxide::scanner: Reading "/Users/mhaniff/affiliate-template-72325/apps/admin/postcss.config.mjs"
2025-07-23T23:04:07.759636Z  INFO tailwindcss_oxide::scanner: Reading "/Users/mhaniff/affiliate-template-72325/apps/admin/src/app/generate/page.tsx"
2025-07-23T23:04:07.759665Z  INFO tailwindcss_oxide::scanner: Reading "/Users/mhaniff/affiliate-template-72325/apps/admin/src/app/approval/page.tsx"
2025-07-23T23:04:07.759682Z  INFO tailwindcss_oxide::scanner: Reading "/Users/mhaniff/affiliate-template-72325/apps/admin/src/app/ai/page.tsx"
2025-07-23T23:04:07.759691Z  INFO tailwindcss_oxide::scanner: Reading "/Users/mhaniff/affiliate-template-72325/apps/admin/src/app/sites/page.tsx"
2025-07-23T23:04:07.759717Z  INFO tailwindcss_oxide::scanner: Reading "/Users/mhaniff/affiliate-template-72325/apps/admin/src/app/auth/signin/page.tsx"
2025-07-23T23:04:07.759199Z  INFO tailwindcss_oxide::scanner: Reading "/Users/mhaniff/affiliate-template-72325/apps/admin/playwright.config.ts"
2025-07-23T23:04:07.759756Z  INFO tailwindcss_oxide::scanner: Reading "/Users/mhaniff/affiliate-template-72325/apps/admin/src/__tests__/integration/api.test.ts"
2025-07-23T23:04:07.759524Z  INFO tailwindcss_oxide::scanner: Reading "/Users/mhaniff/affiliate-template-72325/apps/admin/public/vercel.svg"
2025-07-23T23:04:07.759700Z  INFO tailwindcss_oxide::scanner: Reading "/Users/mhaniff/affiliate-template-72325/apps/admin/src/app/analytics/page.tsx"
2025-07-23T23:04:07.759703Z  INFO tailwindcss_oxide::scanner: Reading "/Users/mhaniff/affiliate-template-72325/apps/admin/src/app/api/ai/test-connection/route.ts"
2025-07-23T23:04:07.759739Z  INFO tailwindcss_oxide::scanner: Reading "/Users/mhaniff/affiliate-template-72325/apps/admin/src/app/products/page.tsx"
2025-07-23T23:04:07.759854Z  INFO tailwindcss_oxide::scanner: Reading "/Users/mhaniff/affiliate-template-72325/apps/admin/src/__tests__/unit/db-utils.test.ts"
2025-07-23T23:04:07.759877Z  INFO tailwindcss_oxide::scanner: Reading "/Users/mhaniff/affiliate-template-72325/apps/admin/src/__tests__/e2e/auth.spec.ts"
2025-07-23T23:04:07.759271Z  INFO tailwindcss_oxide::scanner: Reading "/Users/mhaniff/affiliate-template-72325/apps/admin/src/app/api/sites/[id]/route.ts"
2025-07-23T23:04:07.759435Z  INFO tailwindcss_oxide::scanner: Reading "/Users/mhaniff/affiliate-template-72325/apps/admin/src/app/api/cms/route.ts"
2025-07-23T23:04:07.759453Z  INFO tailwindcss_oxide::scanner: Reading "/Users/mhaniff/affiliate-template-72325/apps/admin/public/window.svg"
2025-07-23T23:04:07.759606Z  INFO tailwindcss_oxide::scanner: Reading "/Users/mhaniff/affiliate-template-72325/apps/admin/package.json"
2025-07-23T23:04:07.759694Z  INFO tailwindcss_oxide::scanner: Reading "/Users/mhaniff/affiliate-template-72325/apps/admin/src/components/Providers.tsx"
2025-07-23T23:04:07.759972Z  INFO tailwindcss_oxide::scanner: Reading "/Users/mhaniff/affiliate-template-72325/apps/admin/src/app/api/cms/posts/[id]/approve/route.ts"
2025-07-23T23:04:07.759986Z  INFO tailwindcss_oxide::scanner: Reading "/Users/mhaniff/affiliate-template-72325/apps/admin/src/components/ai/ImageGenerator.tsx"
2025-07-23T23:04:07.760002Z  INFO tailwindcss_oxide::scanner: Reading "/Users/mhaniff/affiliate-template-72325/apps/admin/src/app/products/manual-amazon/page.tsx"
2025-07-23T23:04:07.759731Z  INFO tailwindcss_oxide::scanner: Reading "/Users/mhaniff/affiliate-template-72325/apps/admin/src/components/ProtectedRoute.tsx"
2025-07-23T23:04:07.760039Z  INFO tailwindcss_oxide::scanner: Reading "/Users/mhaniff/affiliate-template-72325/apps/admin/src/app/api/affiliate/search/route.ts"
2025-07-23T23:04:07.760052Z  INFO tailwindcss_oxide::scanner: Reading "/Users/mhaniff/affiliate-template-72325/apps/admin/src/app/api/products/test-amazon/route.ts"
2025-07-23T23:04:07.759861Z  INFO tailwindcss_oxide::scanner: Reading "/Users/mhaniff/affiliate-template-72325/apps/admin/src/lib/monitoring.ts"
2025-07-23T23:04:07.759223Z  INFO tailwindcss_oxide::scanner: Reading "/Users/mhaniff/affiliate-template-72325/apps/admin/src/app/api/sites/route.ts"
2025-07-23T23:04:07.759866Z  INFO tailwindcss_oxide::scanner: Reading "/Users/mhaniff/affiliate-template-72325/apps/admin/src/app/api/cms/posts/[id]/reject/route.ts"
2025-07-23T23:04:07.759892Z  INFO tailwindcss_oxide::scanner: Reading "/Users/mhaniff/affiliate-template-72325/apps/admin/src/app/api/auth/[...nextauth]/route.ts"
2025-07-23T23:04:07.759902Z  INFO tailwindcss_oxide::scanner: Reading "/Users/mhaniff/affiliate-template-72325/apps/admin/src/__tests__/unit/components/ProtectedRoute.test.tsx"
2025-07-23T23:04:07.759909Z  INFO tailwindcss_oxide::scanner: Reading "/Users/mhaniff/affiliate-template-72325/apps/admin/src/lib/auth.ts"
2025-07-23T23:04:07.759964Z  INFO tailwindcss_oxide::scanner: Reading "/Users/mhaniff/affiliate-template-72325/apps/admin/src/components/cms/CMSDashboard.tsx"
2025-07-23T23:04:07.759778Z  INFO tailwindcss_oxide::scanner: Reading "/Users/mhaniff/affiliate-template-72325/apps/admin/src/app/social/page.tsx"
2025-07-23T23:04:07.759688Z  INFO tailwindcss_oxide::scanner: Reading "/Users/mhaniff/affiliate-template-72325/apps/admin/src/app/api/analytics/route.ts"
2025-07-23T23:04:07.759994Z  INFO tailwindcss_oxide::scanner: Reading "/Users/mhaniff/affiliate-template-72325/apps/admin/src/app/api/cms/posts/route.ts"
2025-07-23T23:04:07.759695Z  INFO tailwindcss_oxide::scanner: Reading "/Users/mhaniff/affiliate-template-72325/apps/admin/src/app/dashboard/page.tsx"
2025-07-23T23:04:07.760013Z  INFO tailwindcss_oxide::scanner: Reading "/Users/mhaniff/affiliate-template-72325/apps/admin/src/app/api/ai/generate-content/route.ts"
2025-07-23T23:04:07.760013Z  INFO tailwindcss_oxide::scanner: Reading "/Users/mhaniff/affiliate-template-72325/apps/admin/src/app/api/products/route.ts"
2025-07-23T23:04:07.758909Z  INFO tailwindcss_oxide::scanner: Reading "/Users/mhaniff/affiliate-template-72325/apps/admin/vercel.json"
2025-07-23T23:04:07.759266Z  INFO tailwindcss_oxide::scanner: Reading "/Users/mhaniff/affiliate-template-72325/apps/admin/src/app/api/ai/generate-image/route.ts"
2025-07-23T23:04:07.760513Z  INFO extract_candidates:read_all_files: tailwindcss_oxide::scanner: exit
2025-07-23T23:04:07.760525Z  INFO extract_candidates:parse_all_blobs: tailwindcss_oxide::scanner: enter
2025-07-23T23:04:07.760529Z  INFO extract_candidates:parse_all_blobs:extract: tailwindcss_oxide::scanner: enter
2025-07-23T23:04:07.761893Z  INFO extract_candidates:parse_all_blobs:extract: tailwindcss_oxide::scanner: exit
2025-07-23T23:04:07.761914Z  INFO extract_candidates:parse_all_blobs: tailwindcss_oxide::scanner: exit
2025-07-23T23:04:07.761918Z  INFO extract_candidates:read_all_files: tailwindcss_oxide::scanner: enter
2025-07-23T23:04:07.761921Z  INFO extract_candidates:read_all_files: tailwindcss_oxide::scanner: Reading 1 file(s)
2025-07-23T23:04:07.761946Z  INFO extract_candidates:read_all_files: tailwindcss_oxide::scanner: Reading "/Users/mhaniff/affiliate-template-72325/apps/admin/src/app/globals.css"
2025-07-23T23:04:07.761950Z  INFO extract_candidates:read_all_files: tailwindcss_oxide::scanner: exit
2025-07-23T23:04:07.761952Z  INFO extract_candidates:extract_css_variables: tailwindcss_oxide::scanner: enter
2025-07-23T23:04:07.761967Z  INFO extract_candidates:extract_css_variables:extract: tailwindcss_oxide::scanner: enter
2025-07-23T23:04:07.762561Z  INFO extract_candidates:extract_css_variables:extract: tailwindcss_oxide::scanner: exit
2025-07-23T23:04:07.762571Z  INFO extract_candidates:extract_css_variables: tailwindcss_oxide::scanner: exit
2025-07-23T23:04:07.764013Z  INFO extract_candidates: tailwindcss_oxide::scanner: exit
2025-07-23T23:04:07.764414Z  INFO get_files: tailwindcss_oxide::scanner: enter
2025-07-23T23:04:07.764426Z  INFO get_files:scan_sources: tailwindcss_oxide::scanner: enter
2025-07-23T23:04:07.764975Z  INFO get_files:scan_sources: tailwindcss_oxide::scanner: Discovering "/Users/mhaniff/affiliate-template-72325/apps/admin/public"
2025-07-23T23:04:07.765043Z  INFO get_files:scan_sources: tailwindcss_oxide::scanner: Discovering "/Users/mhaniff/affiliate-template-72325/apps/admin/src"
2025-07-23T23:04:07.765066Z  INFO get_files:scan_sources: tailwindcss_oxide::scanner: Discovering "/Users/mhaniff/affiliate-template-72325/apps/admin/src/app"
2025-07-23T23:04:07.765094Z  INFO get_files:scan_sources: tailwindcss_oxide::scanner: Discovering "/Users/mhaniff/affiliate-template-72325/apps/admin/src/app/products"
2025-07-23T23:04:07.765119Z  INFO get_files:scan_sources: tailwindcss_oxide::scanner: Discovering "/Users/mhaniff/affiliate-template-72325/apps/admin/src/app/products/manual-amazon"
2025-07-23T23:04:07.765151Z  INFO get_files:scan_sources: tailwindcss_oxide::scanner: Discovering "/Users/mhaniff/affiliate-template-72325/apps/admin/src/app/auth"
2025-07-23T23:04:07.765172Z  INFO get_files:scan_sources: tailwindcss_oxide::scanner: Discovering "/Users/mhaniff/affiliate-template-72325/apps/admin/src/app/auth/signin"
2025-07-23T23:04:07.765196Z  INFO get_files:scan_sources: tailwindcss_oxide::scanner: Discovering "/Users/mhaniff/affiliate-template-72325/apps/admin/src/app/dashboard"
2025-07-23T23:04:07.765216Z  INFO get_files:scan_sources: tailwindcss_oxide::scanner: Discovering "/Users/mhaniff/affiliate-template-72325/apps/admin/src/app/sites"
2025-07-23T23:04:07.765238Z  INFO get_files:scan_sources: tailwindcss_oxide::scanner: Discovering "/Users/mhaniff/affiliate-template-72325/apps/admin/src/app/social"
2025-07-23T23:04:07.765262Z  INFO get_files:scan_sources: tailwindcss_oxide::scanner: Discovering "/Users/mhaniff/affiliate-template-72325/apps/admin/src/app/cms"
2025-07-23T23:04:07.765287Z  INFO get_files:scan_sources: tailwindcss_oxide::scanner: Discovering "/Users/mhaniff/affiliate-template-72325/apps/admin/src/app/ai"
2025-07-23T23:04:07.765313Z  INFO get_files:scan_sources: tailwindcss_oxide::scanner: Discovering "/Users/mhaniff/affiliate-template-72325/apps/admin/src/app/generate"
2025-07-23T23:04:07.765337Z  INFO get_files:scan_sources: tailwindcss_oxide::scanner: Discovering "/Users/mhaniff/affiliate-template-72325/apps/admin/src/app/api"
2025-07-23T23:04:07.765358Z  INFO get_files:scan_sources: tailwindcss_oxide::scanner: Discovering "/Users/mhaniff/affiliate-template-72325/apps/admin/src/app/api/products"
2025-07-23T23:04:07.765376Z  INFO get_files:scan_sources: tailwindcss_oxide::scanner: Discovering "/Users/mhaniff/affiliate-template-72325/apps/admin/src/app/api/products/manual-amazon"
2025-07-23T23:04:07.765406Z  INFO get_files:scan_sources: tailwindcss_oxide::scanner: Discovering "/Users/mhaniff/affiliate-template-72325/apps/admin/src/app/api/products/test-amazon"
2025-07-23T23:04:07.765431Z  INFO get_files:scan_sources: tailwindcss_oxide::scanner: Discovering "/Users/mhaniff/affiliate-template-72325/apps/admin/src/app/api/auth"
2025-07-23T23:04:07.765453Z  INFO get_files:scan_sources: tailwindcss_oxide::scanner: Discovering "/Users/mhaniff/affiliate-template-72325/apps/admin/src/app/api/auth/[...nextauth]"
2025-07-23T23:04:07.765480Z  INFO get_files:scan_sources: tailwindcss_oxide::scanner: Discovering "/Users/mhaniff/affiliate-template-72325/apps/admin/src/app/api/health"
2025-07-23T23:04:07.765505Z  INFO get_files:scan_sources: tailwindcss_oxide::scanner: Discovering "/Users/mhaniff/affiliate-template-72325/apps/admin/src/app/api/health/db"
2025-07-23T23:04:07.765540Z  INFO get_files:scan_sources: tailwindcss_oxide::scanner: Discovering "/Users/mhaniff/affiliate-template-72325/apps/admin/src/app/api/sites"
2025-07-23T23:04:07.765561Z  INFO get_files:scan_sources: tailwindcss_oxide::scanner: Discovering "/Users/mhaniff/affiliate-template-72325/apps/admin/src/app/api/sites/[id]"
2025-07-23T23:04:07.765584Z  INFO get_files:scan_sources: tailwindcss_oxide::scanner: Discovering "/Users/mhaniff/affiliate-template-72325/apps/admin/src/app/api/cms"
2025-07-23T23:04:07.765603Z  INFO get_files:scan_sources: tailwindcss_oxide::scanner: Discovering "/Users/mhaniff/affiliate-template-72325/apps/admin/src/app/api/cms/posts"
2025-07-23T23:04:07.765626Z  INFO get_files:scan_sources: tailwindcss_oxide::scanner: Discovering "/Users/mhaniff/affiliate-template-72325/apps/admin/src/app/api/cms/posts/[id]"
2025-07-23T23:04:07.765645Z  INFO get_files:scan_sources: tailwindcss_oxide::scanner: Discovering "/Users/mhaniff/affiliate-template-72325/apps/admin/src/app/api/cms/posts/[id]/reject"
2025-07-23T23:04:07.765669Z  INFO get_files:scan_sources: tailwindcss_oxide::scanner: Discovering "/Users/mhaniff/affiliate-template-72325/apps/admin/src/app/api/cms/posts/[id]/approve"
2025-07-23T23:04:07.765699Z  INFO get_files:scan_sources: tailwindcss_oxide::scanner: Discovering "/Users/mhaniff/affiliate-template-72325/apps/admin/src/app/api/ai"
2025-07-23T23:04:07.765718Z  INFO get_files:scan_sources: tailwindcss_oxide::scanner: Discovering "/Users/mhaniff/affiliate-template-72325/apps/admin/src/app/api/ai/test-connection"
2025-07-23T23:04:07.765742Z  INFO get_files:scan_sources: tailwindcss_oxide::scanner: Discovering "/Users/mhaniff/affiliate-template-72325/apps/admin/src/app/api/ai/generate-content"
2025-07-23T23:04:07.765763Z  INFO get_files:scan_sources: tailwindcss_oxide::scanner: Discovering "/Users/mhaniff/affiliate-template-72325/apps/admin/src/app/api/ai/generate-image"
2025-07-23T23:04:07.765786Z  INFO get_files:scan_sources: tailwindcss_oxide::scanner: Discovering "/Users/mhaniff/affiliate-template-72325/apps/admin/src/app/api/affiliate"
2025-07-23T23:04:07.765805Z  INFO get_files:scan_sources: tailwindcss_oxide::scanner: Discovering "/Users/mhaniff/affiliate-template-72325/apps/admin/src/app/api/affiliate/search"
2025-07-23T23:04:07.765831Z  INFO get_files:scan_sources: tailwindcss_oxide::scanner: Discovering "/Users/mhaniff/affiliate-template-72325/apps/admin/src/app/api/analytics"
2025-07-23T23:04:07.765853Z  INFO get_files:scan_sources: tailwindcss_oxide::scanner: Discovering "/Users/mhaniff/affiliate-template-72325/apps/admin/src/app/newsletter"
2025-07-23T23:04:07.765884Z  INFO get_files:scan_sources: tailwindcss_oxide::scanner: Discovering "/Users/mhaniff/affiliate-template-72325/apps/admin/src/app/analytics"
2025-07-23T23:04:07.765906Z  INFO get_files:scan_sources: tailwindcss_oxide::scanner: Discovering "/Users/mhaniff/affiliate-template-72325/apps/admin/src/app/approval"
2025-07-23T23:04:07.765930Z  INFO get_files:scan_sources: tailwindcss_oxide::scanner: Discovering "/Users/mhaniff/affiliate-template-72325/apps/admin/src/components"
2025-07-23T23:04:07.765950Z  INFO get_files:scan_sources: tailwindcss_oxide::scanner: Discovering "/Users/mhaniff/affiliate-template-72325/apps/admin/src/components/cms"
2025-07-23T23:04:07.765972Z  INFO get_files:scan_sources: tailwindcss_oxide::scanner: Discovering "/Users/mhaniff/affiliate-template-72325/apps/admin/src/components/ai"
2025-07-23T23:04:07.766002Z  INFO get_files:scan_sources: tailwindcss_oxide::scanner: Discovering "/Users/mhaniff/affiliate-template-72325/apps/admin/src/__tests__"
2025-07-23T23:04:07.766022Z  INFO get_files:scan_sources: tailwindcss_oxide::scanner: Discovering "/Users/mhaniff/affiliate-template-72325/apps/admin/src/__tests__/unit"
2025-07-23T23:04:07.766043Z  INFO get_files:scan_sources: tailwindcss_oxide::scanner: Discovering "/Users/mhaniff/affiliate-template-72325/apps/admin/src/__tests__/unit/components"
2025-07-23T23:04:07.766067Z  INFO get_files:scan_sources: tailwindcss_oxide::scanner: Discovering "/Users/mhaniff/affiliate-template-72325/apps/admin/src/__tests__/integration"
2025-07-23T23:04:07.766094Z  INFO get_files:scan_sources: tailwindcss_oxide::scanner: Discovering "/Users/mhaniff/affiliate-template-72325/apps/admin/src/__tests__/e2e"
2025-07-23T23:04:07.766118Z  INFO get_files:scan_sources: tailwindcss_oxide::scanner: Discovering "/Users/mhaniff/affiliate-template-72325/apps/admin/src/lib"
2025-07-23T23:04:07.766153Z  INFO get_files:scan_sources: tailwindcss_oxide::scanner: exit
2025-07-23T23:04:07.766885Z  INFO get_files: tailwindcss_oxide::scanner: exit
2025-07-23T23:04:07.766972Z  INFO get_globs: tailwindcss_oxide::scanner: enter
2025-07-23T23:04:07.766976Z  INFO get_globs:scan_sources: tailwindcss_oxide::scanner: enter
2025-07-23T23:04:07.767400Z  INFO get_globs:scan_sources: tailwindcss_oxide::scanner: Discovering "/Users/mhaniff/affiliate-template-72325/apps/admin/public"
2025-07-23T23:04:07.767456Z  INFO get_globs:scan_sources: tailwindcss_oxide::scanner: Discovering "/Users/mhaniff/affiliate-template-72325/apps/admin/src"
2025-07-23T23:04:07.767474Z  INFO get_globs:scan_sources: tailwindcss_oxide::scanner: Discovering "/Users/mhaniff/affiliate-template-72325/apps/admin/src/app"
2025-07-23T23:04:07.767496Z  INFO get_globs:scan_sources: tailwindcss_oxide::scanner: Discovering "/Users/mhaniff/affiliate-template-72325/apps/admin/src/app/products"
2025-07-23T23:04:07.767515Z  INFO get_globs:scan_sources: tailwindcss_oxide::scanner: Discovering "/Users/mhaniff/affiliate-template-72325/apps/admin/src/app/products/manual-amazon"
2025-07-23T23:04:07.767540Z  INFO get_globs:scan_sources: tailwindcss_oxide::scanner: Discovering "/Users/mhaniff/affiliate-template-72325/apps/admin/src/app/auth"
2025-07-23T23:04:07.767557Z  INFO get_globs:scan_sources: tailwindcss_oxide::scanner: Discovering "/Users/mhaniff/affiliate-template-72325/apps/admin/src/app/auth/signin"
2025-07-23T23:04:07.767577Z  INFO get_globs:scan_sources: tailwindcss_oxide::scanner: Discovering "/Users/mhaniff/affiliate-template-72325/apps/admin/src/app/dashboard"
2025-07-23T23:04:07.767596Z  INFO get_globs:scan_sources: tailwindcss_oxide::scanner: Discovering "/Users/mhaniff/affiliate-template-72325/apps/admin/src/app/sites"
2025-07-23T23:04:07.767616Z  INFO get_globs:scan_sources: tailwindcss_oxide::scanner: Discovering "/Users/mhaniff/affiliate-template-72325/apps/admin/src/app/social"
2025-07-23T23:04:07.767636Z  INFO get_globs:scan_sources: tailwindcss_oxide::scanner: Discovering "/Users/mhaniff/affiliate-template-72325/apps/admin/src/app/cms"
2025-07-23T23:04:07.767658Z  INFO get_globs:scan_sources: tailwindcss_oxide::scanner: Discovering "/Users/mhaniff/affiliate-template-72325/apps/admin/src/app/ai"
2025-07-23T23:04:07.767690Z  INFO get_globs:scan_sources: tailwindcss_oxide::scanner: Discovering "/Users/mhaniff/affiliate-template-72325/apps/admin/src/app/generate"
2025-07-23T23:04:07.767713Z  INFO get_globs:scan_sources: tailwindcss_oxide::scanner: Discovering "/Users/mhaniff/affiliate-template-72325/apps/admin/src/app/api"
2025-07-23T23:04:07.767732Z  INFO get_globs:scan_sources: tailwindcss_oxide::scanner: Discovering "/Users/mhaniff/affiliate-template-72325/apps/admin/src/app/api/products"
2025-07-23T23:04:07.767750Z  INFO get_globs:scan_sources: tailwindcss_oxide::scanner: Discovering "/Users/mhaniff/affiliate-template-72325/apps/admin/src/app/api/products/manual-amazon"
2025-07-23T23:04:07.767776Z  INFO get_globs:scan_sources: tailwindcss_oxide::scanner: Discovering "/Users/mhaniff/affiliate-template-72325/apps/admin/src/app/api/products/test-amazon"
2025-07-23T23:04:07.767799Z  INFO get_globs:scan_sources: tailwindcss_oxide::scanner: Discovering "/Users/mhaniff/affiliate-template-72325/apps/admin/src/app/api/auth"
2025-07-23T23:04:07.767816Z  INFO get_globs:scan_sources: tailwindcss_oxide::scanner: Discovering "/Users/mhaniff/affiliate-template-72325/apps/admin/src/app/api/auth/[...nextauth]"
2025-07-23T23:04:07.767837Z  INFO get_globs:scan_sources: tailwindcss_oxide::scanner: Discovering "/Users/mhaniff/affiliate-template-72325/apps/admin/src/app/api/health"
2025-07-23T23:04:07.767862Z  INFO get_globs:scan_sources: tailwindcss_oxide::scanner: Discovering "/Users/mhaniff/affiliate-template-72325/apps/admin/src/app/api/health/db"
2025-07-23T23:04:07.767882Z  INFO get_globs:scan_sources: tailwindcss_oxide::scanner: Discovering "/Users/mhaniff/affiliate-template-72325/apps/admin/src/app/api/sites"
2025-07-23T23:04:07.767901Z  INFO get_globs:scan_sources: tailwindcss_oxide::scanner: Discovering "/Users/mhaniff/affiliate-template-72325/apps/admin/src/app/api/sites/[id]"
2025-07-23T23:04:07.767921Z  INFO get_globs:scan_sources: tailwindcss_oxide::scanner: Discovering "/Users/mhaniff/affiliate-template-72325/apps/admin/src/app/api/cms"
2025-07-23T23:04:07.767941Z  INFO get_globs:scan_sources: tailwindcss_oxide::scanner: Discovering "/Users/mhaniff/affiliate-template-72325/apps/admin/src/app/api/cms/posts"
2025-07-23T23:04:07.767961Z  INFO get_globs:scan_sources: tailwindcss_oxide::scanner: Discovering "/Users/mhaniff/affiliate-template-72325/apps/admin/src/app/api/cms/posts/[id]"
2025-07-23T23:04:07.767979Z  INFO get_globs:scan_sources: tailwindcss_oxide::scanner: Discovering "/Users/mhaniff/affiliate-template-72325/apps/admin/src/app/api/cms/posts/[id]/reject"
2025-07-23T23:04:07.768000Z  INFO get_globs:scan_sources: tailwindcss_oxide::scanner: Discovering "/Users/mhaniff/affiliate-template-72325/apps/admin/src/app/api/cms/posts/[id]/approve"
2025-07-23T23:04:07.768028Z  INFO get_globs:scan_sources: tailwindcss_oxide::scanner: Discovering "/Users/mhaniff/affiliate-template-72325/apps/admin/src/app/api/ai"
2025-07-23T23:04:07.768046Z  INFO get_globs:scan_sources: tailwindcss_oxide::scanner: Discovering "/Users/mhaniff/affiliate-template-72325/apps/admin/src/app/api/ai/test-connection"
2025-07-23T23:04:07.768066Z  INFO get_globs:scan_sources: tailwindcss_oxide::scanner: Discovering "/Users/mhaniff/affiliate-template-72325/apps/admin/src/app/api/ai/generate-content"
2025-07-23T23:04:07.768086Z  INFO get_globs:scan_sources: tailwindcss_oxide::scanner: Discovering "/Users/mhaniff/affiliate-template-72325/apps/admin/src/app/api/ai/generate-image"
2025-07-23T23:04:07.768106Z  INFO get_globs:scan_sources: tailwindcss_oxide::scanner: Discovering "/Users/mhaniff/affiliate-template-72325/apps/admin/src/app/api/affiliate"
2025-07-23T23:04:07.768122Z  INFO get_globs:scan_sources: tailwindcss_oxide::scanner: Discovering "/Users/mhaniff/affiliate-template-72325/apps/admin/src/app/api/affiliate/search"
2025-07-23T23:04:07.768146Z  INFO get_globs:scan_sources: tailwindcss_oxide::scanner: Discovering "/Users/mhaniff/affiliate-template-72325/apps/admin/src/app/api/analytics"
2025-07-23T23:04:07.768168Z  INFO get_globs:scan_sources: tailwindcss_oxide::scanner: Discovering "/Users/mhaniff/affiliate-template-72325/apps/admin/src/app/newsletter"
2025-07-23T23:04:07.768200Z  INFO get_globs:scan_sources: tailwindcss_oxide::scanner: Discovering "/Users/mhaniff/affiliate-template-72325/apps/admin/src/app/analytics"
2025-07-23T23:04:07.768228Z  INFO get_globs:scan_sources: tailwindcss_oxide::scanner: Discovering "/Users/mhaniff/affiliate-template-72325/apps/admin/src/app/approval"
2025-07-23T23:04:07.768257Z  INFO get_globs:scan_sources: tailwindcss_oxide::scanner: Discovering "/Users/mhaniff/affiliate-template-72325/apps/admin/src/components"
2025-07-23T23:04:07.768278Z  INFO get_globs:scan_sources: tailwindcss_oxide::scanner: Discovering "/Users/mhaniff/affiliate-template-72325/apps/admin/src/components/cms"
2025-07-23T23:04:07.768297Z  INFO get_globs:scan_sources: tailwindcss_oxide::scanner: Discovering "/Users/mhaniff/affiliate-template-72325/apps/admin/src/components/ai"
2025-07-23T23:04:07.768324Z  INFO get_globs:scan_sources: tailwindcss_oxide::scanner: Discovering "/Users/mhaniff/affiliate-template-72325/apps/admin/src/__tests__"
2025-07-23T23:04:07.768342Z  INFO get_globs:scan_sources: tailwindcss_oxide::scanner: Discovering "/Users/mhaniff/affiliate-template-72325/apps/admin/src/__tests__/unit"
2025-07-23T23:04:07.768361Z  INFO get_globs:scan_sources: tailwindcss_oxide::scanner: Discovering "/Users/mhaniff/affiliate-template-72325/apps/admin/src/__tests__/unit/components"
2025-07-23T23:04:07.768386Z  INFO get_globs:scan_sources: tailwindcss_oxide::scanner: Discovering "/Users/mhaniff/affiliate-template-72325/apps/admin/src/__tests__/integration"
2025-07-23T23:04:07.768407Z  INFO get_globs:scan_sources: tailwindcss_oxide::scanner: Discovering "/Users/mhaniff/affiliate-template-72325/apps/admin/src/__tests__/e2e"
2025-07-23T23:04:07.768429Z  INFO get_globs:scan_sources: tailwindcss_oxide::scanner: Discovering "/Users/mhaniff/affiliate-template-72325/apps/admin/src/lib"
2025-07-23T23:04:07.768461Z  INFO get_globs:scan_sources: tailwindcss_oxide::scanner: exit
2025-07-23T23:04:07.769124Z  INFO get_globs: tailwindcss_oxide::scanner: exit
